2024-03-15 10:52:08,989 [Worker-6: Loading available Gradle versions] INFO  o.e.b.c.i.u.g.PublishedGradleVersions - Gradle version information cache is up-to-date. Trying to read.
2024-03-15 10:52:11,705 [Worker-9: Updating Maven Dependencies] INFO  o.e.m.c.i.l.LifecycleMappingFactory - Using org.eclipse.m2e.jdt.JarLifecycleMapping lifecycle mapping for MavenProject: Speing3:Chapter05_XML:0.0.1-SNAPSHOT @ D:\Spring\workspace\Chapter05_XML\pom.xml.
2024-03-15 10:52:11,863 [Worker-9: Updating Maven Dependencies] INFO  o.e.m.c.i.l.LifecycleMappingFactory - Using org.eclipse.m2e.jdt.JarLifecycleMapping lifecycle mapping for MavenProject: Spring3:Chapter04_XML:0.0.1-SNAPSHOT @ D:\Spring\workspace\Chapter04_XML\pom.xml.
2024-03-15 10:52:11,936 [Worker-9: Updating Maven Dependencies] INFO  o.e.m.c.i.l.LifecycleMappingFactory - Using org.eclipse.m2e.jdt.JarLifecycleMapping lifecycle mapping for MavenProject: Spring3:Chapter05_ANNO:0.0.1-SNAPSHOT @ D:\Spring\workspace\Chapter05_ANNO\pom.xml.
2024-03-15 10:52:12,001 [Worker-9: Updating Maven Dependencies] INFO  o.e.m.c.i.l.LifecycleMappingFactory - Using org.eclipse.m2e.jdt.JarLifecycleMapping lifecycle mapping for MavenProject: Spring3:Chapter02_XML:0.0.1-SNAPSHOT @ D:\Spring\workspace\Chapter02_XML\pom.xml.
2024-03-15 10:52:14,858 [Worker-9: Updating Maven Dependencies] INFO  o.e.m.c.i.l.LifecycleMappingFactory - Using org.eclipse.m2e.jdt.JarLifecycleMapping lifecycle mapping for MavenProject: Spring3:Chapter01.XML:0.0.1-SNAPSHOT @ D:\Spring\workspace\Chapter01.XML\pom.xml.
2024-03-15 10:52:14,858 [Worker-12: Building] INFO  o.e.m.c.i.l.LifecycleMappingFactory - Using org.eclipse.m2e.jdt.JarLifecycleMapping lifecycle mapping for MavenProject: Spring3:Chapter01.XML:0.0.1-SNAPSHOT @ D:\Spring\workspace\Chapter01.XML\pom.xml.
2024-03-15 10:52:16,728 [Worker-15: Updating Maven Project] INFO  o.e.m.c.i.p.ProjectConfigurationManager - Update started
2024-03-15 10:52:17,054 [Worker-15: Updating Maven Project] INFO  o.e.m.c.i.l.LifecycleMappingFactory - Using org.eclipse.m2e.jdt.JarLifecycleMapping lifecycle mapping for MavenProject: Spring3:Chapter01.XML:0.0.1-SNAPSHOT @ D:\Spring\workspace\Chapter01.XML\pom.xml.
2024-03-15 10:52:17,339 [Worker-15: Updating Maven Project] INFO  o.e.m.j.i.AbstractJavaProjectConfigurator - Adding source folder /Chapter01.XML/src/main/java
2024-03-15 10:52:17,339 [Worker-15: Updating Maven Project] INFO  o.e.m.j.i.AbstractJavaProjectConfigurator - Adding resource folder /Chapter01.XML/src/main/resources
2024-03-15 10:52:17,340 [Worker-15: Updating Maven Project] INFO  o.e.m.j.i.AbstractJavaProjectConfigurator - Adding source folder /Chapter01.XML/src/test/java
2024-03-15 10:52:17,340 [Worker-15: Updating Maven Project] INFO  o.e.m.j.i.AbstractJavaProjectConfigurator - Adding resource folder /Chapter01.XML/src/test/resources
2024-03-15 10:52:17,690 [Worker-15: Updating Maven Project] INFO  o.e.m.c.i.p.ProjectConfigurationManager - Update completed for 1 poms: local refresh takes 0.00 sec, refresh facades takes 0.00 sec, update config takes 0.00 sec 
2024-03-15 10:52:18,029 [Worker-16: Updating Maven Dependencies] INFO  o.e.m.c.i.l.LifecycleMappingFactory - Using org.eclipse.m2e.jdt.JarLifecycleMapping lifecycle mapping for MavenProject: Speing3:Chapter05_XML:0.0.1-SNAPSHOT @ D:\Spring\workspace\Chapter05_XML\pom.xml.
2024-03-15 10:52:18,060 [Worker-21: Building] WARN  o.a.m.s.f.DefaultMavenResourcesFiltering - Using platform encoding (MS949 actually) to copy filtered resources, i.e. build is platform dependent!
2024-03-15 10:52:18,079 [Worker-21: Building] INFO  o.a.m.s.f.DefaultMavenResourcesFiltering - Copying 1 resource from src\main\resources to target\classes
2024-03-15 10:52:18,109 [Worker-21: Building] WARN  o.a.m.s.f.DefaultMavenResourcesFiltering - Using platform encoding (MS949 actually) to copy filtered resources, i.e. build is platform dependent!
2024-03-15 10:52:18,110 [Worker-21: Building] INFO  o.a.m.s.f.DefaultMavenResourcesFiltering - Copying 0 resource from src\test\resources to target\test-classes
2024-03-15 10:52:18,152 [Worker-16: Updating Maven Dependencies] INFO  o.e.m.c.i.l.LifecycleMappingFactory - Using org.eclipse.m2e.jdt.JarLifecycleMapping lifecycle mapping for MavenProject: Spring3:Chapter04_XML:0.0.1-SNAPSHOT @ D:\Spring\workspace\Chapter04_XML\pom.xml.
2024-03-15 10:52:18,215 [Worker-16: Updating Maven Dependencies] INFO  o.e.m.c.i.l.LifecycleMappingFactory - Using org.eclipse.m2e.jdt.JarLifecycleMapping lifecycle mapping for MavenProject: Spring3:Chapter05_ANNO:0.0.1-SNAPSHOT @ D:\Spring\workspace\Chapter05_ANNO\pom.xml.
2024-03-15 10:52:18,285 [Worker-16: Updating Maven Dependencies] INFO  o.e.m.c.i.l.LifecycleMappingFactory - Using org.eclipse.m2e.jdt.JarLifecycleMapping lifecycle mapping for MavenProject: Spring3:Chapter02_XML:0.0.1-SNAPSHOT @ D:\Spring\workspace\Chapter02_XML\pom.xml.
2024-03-15 10:52:18,582 [Worker-21: Building] INFO  o.e.m.c.i.l.LifecycleMappingFactory - Using org.eclipse.m2e.jdt.JarLifecycleMapping lifecycle mapping for MavenProject: Spring3:Chapter01_ANNO:0.0.1-SNAPSHOT @ D:\Spring\workspace\Chapter01_ANNO\pom.xml.
2024-03-15 10:52:18,583 [Worker-16: Updating Maven Dependencies] INFO  o.e.m.c.i.l.LifecycleMappingFactory - Using org.eclipse.m2e.jdt.JarLifecycleMapping lifecycle mapping for MavenProject: Spring3:Chapter01.XML:0.0.1-SNAPSHOT @ D:\Spring\workspace\Chapter01.XML\pom.xml.
2024-03-15 10:52:18,961 [Worker-21: Building] INFO  o.e.m.c.i.l.LifecycleMappingFactory - Using org.eclipse.m2e.jdt.JarLifecycleMapping lifecycle mapping for MavenProject: Spring3:Chapter02_ANNO:0.0.1-SNAPSHOT @ D:\Spring\workspace\Chapter02_ANNO\pom.xml.
2024-03-15 10:52:19,293 [Worker-21: Building] INFO  o.e.m.c.i.l.LifecycleMappingFactory - Using org.eclipse.m2e.jdt.JarLifecycleMapping lifecycle mapping for MavenProject: Spring3:Chapter02_XML:0.0.1-SNAPSHOT @ D:\Spring\workspace\Chapter02_XML\pom.xml.
2024-03-15 10:52:19,408 [Worker-10: Updating Maven Project] INFO  o.e.m.c.i.p.ProjectConfigurationManager - Update started
2024-03-15 10:52:19,470 [Worker-10: Updating Maven Project] INFO  o.e.m.c.i.l.LifecycleMappingFactory - Using org.eclipse.m2e.jdt.JarLifecycleMapping lifecycle mapping for MavenProject: Spring3:Chapter01_ANNO:0.0.1-SNAPSHOT @ D:\Spring\workspace\Chapter01_ANNO\pom.xml.
2024-03-15 10:52:19,510 [Worker-10: Updating Maven Project] INFO  o.e.m.c.i.l.LifecycleMappingFactory - Using org.eclipse.m2e.jdt.JarLifecycleMapping lifecycle mapping for MavenProject: Spring3:Chapter02_ANNO:0.0.1-SNAPSHOT @ D:\Spring\workspace\Chapter02_ANNO\pom.xml.
2024-03-15 10:52:19,547 [Worker-10: Updating Maven Project] INFO  o.e.m.c.i.l.LifecycleMappingFactory - Using org.eclipse.m2e.jdt.JarLifecycleMapping lifecycle mapping for MavenProject: Spring3:Chapter02_XML:0.0.1-SNAPSHOT @ D:\Spring\workspace\Chapter02_XML\pom.xml.
2024-03-15 10:52:19,626 [Worker-10: Updating Maven Project] INFO  o.e.m.j.i.AbstractJavaProjectConfigurator - Adding source folder /Chapter01_ANNO/src/main/java
2024-03-15 10:52:19,627 [Worker-10: Updating Maven Project] INFO  o.e.m.j.i.AbstractJavaProjectConfigurator - Adding resource folder /Chapter01_ANNO/src/main/resources
2024-03-15 10:52:19,634 [Worker-10: Updating Maven Project] INFO  o.e.m.j.i.AbstractJavaProjectConfigurator - Adding source folder /Chapter01_ANNO/src/test/java
2024-03-15 10:52:19,635 [Worker-10: Updating Maven Project] INFO  o.e.m.j.i.AbstractJavaProjectConfigurator - Adding resource folder /Chapter01_ANNO/src/test/resources
2024-03-15 10:52:19,723 [Worker-10: Updating Maven Project] INFO  o.e.m.j.i.AbstractJavaProjectConfigurator - Adding source folder /Chapter02_ANNO/src/main/java
2024-03-15 10:52:19,723 [Worker-10: Updating Maven Project] INFO  o.e.m.j.i.AbstractJavaProjectConfigurator - Adding resource folder /Chapter02_ANNO/src/main/resources
2024-03-15 10:52:19,732 [Worker-10: Updating Maven Project] INFO  o.e.m.j.i.AbstractJavaProjectConfigurator - Adding source folder /Chapter02_ANNO/src/test/java
2024-03-15 10:52:19,733 [Worker-10: Updating Maven Project] INFO  o.e.m.j.i.AbstractJavaProjectConfigurator - Adding resource folder /Chapter02_ANNO/src/test/resources
2024-03-15 10:52:19,795 [Worker-10: Updating Maven Project] INFO  o.e.m.j.i.AbstractJavaProjectConfigurator - Adding source folder /Chapter02_XML/src/main/java
2024-03-15 10:52:19,795 [Worker-10: Updating Maven Project] INFO  o.e.m.j.i.AbstractJavaProjectConfigurator - Adding resource folder /Chapter02_XML/src/main/resources
2024-03-15 10:52:19,809 [Worker-10: Updating Maven Project] INFO  o.e.m.j.i.AbstractJavaProjectConfigurator - Adding source folder /Chapter02_XML/src/test/java
2024-03-15 10:52:19,810 [Worker-10: Updating Maven Project] INFO  o.e.m.j.i.AbstractJavaProjectConfigurator - Adding resource folder /Chapter02_XML/src/test/resources
2024-03-15 10:52:20,004 [Worker-10: Updating Maven Project] INFO  o.e.m.c.i.p.ProjectConfigurationManager - Update completed for 3 poms: local refresh takes 0.00 sec, refresh facades takes 0.00 sec, update config takes 0.00 sec 
2024-03-15 10:52:20,172 [Worker-5: Building] WARN  o.a.m.s.f.DefaultMavenResourcesFiltering - Using platform encoding (MS949 actually) to copy filtered resources, i.e. build is platform dependent!
2024-03-15 10:52:20,173 [Worker-5: Building] INFO  o.a.m.s.f.DefaultMavenResourcesFiltering - Copying 1 resource from src\main\resources to target\classes
2024-03-15 10:52:20,182 [Worker-5: Building] WARN  o.a.m.s.f.DefaultMavenResourcesFiltering - Using platform encoding (MS949 actually) to copy filtered resources, i.e. build is platform dependent!
2024-03-15 10:52:20,183 [Worker-5: Building] INFO  o.a.m.s.f.DefaultMavenResourcesFiltering - Copying 0 resource from src\test\resources to target\test-classes
2024-03-15 10:52:20,297 [Worker-5: Building] WARN  o.a.m.s.f.DefaultMavenResourcesFiltering - Using platform encoding (MS949 actually) to copy filtered resources, i.e. build is platform dependent!
2024-03-15 10:52:20,298 [Worker-5: Building] INFO  o.a.m.s.f.DefaultMavenResourcesFiltering - Copying 1 resource from src\main\resources to target\classes
2024-03-15 10:52:20,334 [Worker-5: Building] WARN  o.a.m.s.f.DefaultMavenResourcesFiltering - Using platform encoding (MS949 actually) to copy filtered resources, i.e. build is platform dependent!
2024-03-15 10:52:20,335 [Worker-5: Building] INFO  o.a.m.s.f.DefaultMavenResourcesFiltering - Copying 0 resource from src\test\resources to target\test-classes
2024-03-15 10:52:20,469 [Worker-5: Building] WARN  o.a.m.s.f.DefaultMavenResourcesFiltering - Using platform encoding (MS949 actually) to copy filtered resources, i.e. build is platform dependent!
2024-03-15 10:52:20,470 [Worker-5: Building] INFO  o.a.m.s.f.DefaultMavenResourcesFiltering - Copying 1 resource from src\main\resources to target\classes
2024-03-15 10:52:20,474 [Worker-5: Building] WARN  o.a.m.s.f.DefaultMavenResourcesFiltering - Using platform encoding (MS949 actually) to copy filtered resources, i.e. build is platform dependent!
2024-03-15 10:52:20,475 [Worker-5: Building] INFO  o.a.m.s.f.DefaultMavenResourcesFiltering - Copying 0 resource from src\test\resources to target\test-classes
2024-03-15 10:52:20,588 [Worker-5: Building] INFO  o.e.m.c.i.l.LifecycleMappingFactory - Using org.eclipse.m2e.jdt.JarLifecycleMapping lifecycle mapping for MavenProject: Spring3:Chapter03_ANNO:0.0.1-SNAPSHOT @ D:\Spring\workspace\Chapter03_ANNO\pom.xml.
2024-03-15 10:52:20,767 [Worker-5: Building] INFO  o.e.m.c.i.l.LifecycleMappingFactory - Using org.eclipse.m2e.jdt.JarLifecycleMapping lifecycle mapping for MavenProject: Spring3:Chapter03_XML:0.0.1-SNAPSHOT @ D:\Spring\workspace\Chapter03_XML\pom.xml.
2024-03-15 10:52:20,976 [Worker-5: Building] INFO  o.e.m.c.i.l.LifecycleMappingFactory - Using org.eclipse.m2e.jdt.JarLifecycleMapping lifecycle mapping for MavenProject: Spring3:Chapter04_ANNO:0.0.1-SNAPSHOT @ D:\Spring\workspace\Chapter04_ANNO\pom.xml.
2024-03-15 10:52:21,203 [Worker-5: Building] INFO  o.e.m.c.i.l.LifecycleMappingFactory - Using org.eclipse.m2e.jdt.JarLifecycleMapping lifecycle mapping for MavenProject: Spring3:Chapter04_XML:0.0.1-SNAPSHOT @ D:\Spring\workspace\Chapter04_XML\pom.xml.
2024-03-15 10:52:21,408 [Worker-5: Building] INFO  o.e.m.c.i.l.LifecycleMappingFactory - Using org.eclipse.m2e.jdt.JarLifecycleMapping lifecycle mapping for MavenProject: Spring3:Chapter05_ANNO:0.0.1-SNAPSHOT @ D:\Spring\workspace\Chapter05_ANNO\pom.xml.
2024-03-15 10:52:21,627 [Worker-5: Building] INFO  o.e.m.c.i.l.LifecycleMappingFactory - Using org.eclipse.m2e.jdt.JarLifecycleMapping lifecycle mapping for MavenProject: Speing3:Chapter05_XML:0.0.1-SNAPSHOT @ D:\Spring\workspace\Chapter05_XML\pom.xml.
2024-03-15 10:52:21,742 [Worker-2: Updating Maven Project] INFO  o.e.m.c.i.p.ProjectConfigurationManager - Update started
2024-03-15 10:52:21,812 [Worker-2: Updating Maven Project] INFO  o.e.m.c.i.l.LifecycleMappingFactory - Using org.eclipse.m2e.jdt.JarLifecycleMapping lifecycle mapping for MavenProject: Spring3:Chapter03_ANNO:0.0.1-SNAPSHOT @ D:\Spring\workspace\Chapter03_ANNO\pom.xml.
2024-03-15 10:52:21,861 [Worker-2: Updating Maven Project] INFO  o.e.m.c.i.l.LifecycleMappingFactory - Using org.eclipse.m2e.jdt.JarLifecycleMapping lifecycle mapping for MavenProject: Spring3:Chapter03_XML:0.0.1-SNAPSHOT @ D:\Spring\workspace\Chapter03_XML\pom.xml.
2024-03-15 10:52:21,894 [Worker-2: Updating Maven Project] INFO  o.e.m.c.i.l.LifecycleMappingFactory - Using org.eclipse.m2e.jdt.JarLifecycleMapping lifecycle mapping for MavenProject: Spring3:Chapter04_ANNO:0.0.1-SNAPSHOT @ D:\Spring\workspace\Chapter04_ANNO\pom.xml.
2024-03-15 10:52:21,962 [Worker-2: Updating Maven Project] INFO  o.e.m.c.i.l.LifecycleMappingFactory - Using org.eclipse.m2e.jdt.JarLifecycleMapping lifecycle mapping for MavenProject: Spring3:Chapter04_XML:0.0.1-SNAPSHOT @ D:\Spring\workspace\Chapter04_XML\pom.xml.
2024-03-15 10:52:22,002 [Worker-2: Updating Maven Project] INFO  o.e.m.c.i.l.LifecycleMappingFactory - Using org.eclipse.m2e.jdt.JarLifecycleMapping lifecycle mapping for MavenProject: Spring3:Chapter05_ANNO:0.0.1-SNAPSHOT @ D:\Spring\workspace\Chapter05_ANNO\pom.xml.
2024-03-15 10:52:22,143 [Worker-2: Updating Maven Project] INFO  o.e.m.j.i.AbstractJavaProjectConfigurator - Adding source folder /Chapter03_ANNO/src/main/java
2024-03-15 10:52:22,143 [Worker-2: Updating Maven Project] INFO  o.e.m.j.i.AbstractJavaProjectConfigurator - Adding resource folder /Chapter03_ANNO/src/main/resources
2024-03-15 10:52:22,151 [Worker-2: Updating Maven Project] INFO  o.e.m.j.i.AbstractJavaProjectConfigurator - Adding source folder /Chapter03_ANNO/src/test/java
2024-03-15 10:52:22,151 [Worker-2: Updating Maven Project] INFO  o.e.m.j.i.AbstractJavaProjectConfigurator - Adding resource folder /Chapter03_ANNO/src/test/resources
2024-03-15 10:52:22,193 [Worker-2: Updating Maven Project] INFO  o.e.m.j.i.AbstractJavaProjectConfigurator - Adding source folder /Chapter03_XML/src/main/java
2024-03-15 10:52:22,193 [Worker-2: Updating Maven Project] INFO  o.e.m.j.i.AbstractJavaProjectConfigurator - Adding resource folder /Chapter03_XML/src/main/resources
2024-03-15 10:52:22,194 [Worker-2: Updating Maven Project] INFO  o.e.m.j.i.AbstractJavaProjectConfigurator - Adding source folder /Chapter03_XML/src/test/java
2024-03-15 10:52:22,194 [Worker-2: Updating Maven Project] INFO  o.e.m.j.i.AbstractJavaProjectConfigurator - Adding resource folder /Chapter03_XML/src/test/resources
2024-03-15 10:52:22,244 [Worker-2: Updating Maven Project] INFO  o.e.m.j.i.AbstractJavaProjectConfigurator - Adding source folder /Chapter04_ANNO/src/main/java
2024-03-15 10:52:22,244 [Worker-2: Updating Maven Project] INFO  o.e.m.j.i.AbstractJavaProjectConfigurator - Adding resource folder /Chapter04_ANNO/src/main/resources
2024-03-15 10:52:22,245 [Worker-2: Updating Maven Project] INFO  o.e.m.j.i.AbstractJavaProjectConfigurator - Adding source folder /Chapter04_ANNO/src/test/java
2024-03-15 10:52:22,245 [Worker-2: Updating Maven Project] INFO  o.e.m.j.i.AbstractJavaProjectConfigurator - Adding resource folder /Chapter04_ANNO/src/test/resources
2024-03-15 10:52:22,308 [Worker-2: Updating Maven Project] INFO  o.e.m.j.i.AbstractJavaProjectConfigurator - Adding source folder /Chapter04_XML/src/main/java
2024-03-15 10:52:22,308 [Worker-2: Updating Maven Project] INFO  o.e.m.j.i.AbstractJavaProjectConfigurator - Adding resource folder /Chapter04_XML/src/main/resources
2024-03-15 10:52:22,309 [Worker-2: Updating Maven Project] INFO  o.e.m.j.i.AbstractJavaProjectConfigurator - Adding source folder /Chapter04_XML/src/test/java
2024-03-15 10:52:22,309 [Worker-2: Updating Maven Project] INFO  o.e.m.j.i.AbstractJavaProjectConfigurator - Adding resource folder /Chapter04_XML/src/test/resources
2024-03-15 10:52:22,381 [Worker-2: Updating Maven Project] INFO  o.e.m.j.i.AbstractJavaProjectConfigurator - Adding source folder /Chapter05_ANNO/src/main/java
2024-03-15 10:52:22,381 [Worker-2: Updating Maven Project] INFO  o.e.m.j.i.AbstractJavaProjectConfigurator - Adding resource folder /Chapter05_ANNO/src/main/resources
2024-03-15 10:52:22,388 [Worker-2: Updating Maven Project] INFO  o.e.m.j.i.AbstractJavaProjectConfigurator - Adding source folder /Chapter05_ANNO/src/test/java
2024-03-15 10:52:22,388 [Worker-2: Updating Maven Project] INFO  o.e.m.j.i.AbstractJavaProjectConfigurator - Adding resource folder /Chapter05_ANNO/src/test/resources
2024-03-15 10:52:22,689 [Worker-2: Updating Maven Project] INFO  o.e.m.c.i.p.ProjectConfigurationManager - Update completed for 5 poms: local refresh takes 0.00 sec, refresh facades takes 0.00 sec, update config takes 0.00 sec 
2024-03-15 10:52:22,693 [Worker-15: Updating Maven Project] INFO  o.e.m.c.i.p.ProjectConfigurationManager - Update started
2024-03-15 10:52:22,860 [Worker-15: Updating Maven Project] INFO  o.e.m.c.i.l.LifecycleMappingFactory - Using org.eclipse.m2e.jdt.JarLifecycleMapping lifecycle mapping for MavenProject: Speing3:Chapter05_XML:0.0.1-SNAPSHOT @ D:\Spring\workspace\Chapter05_XML\pom.xml.
2024-03-15 10:52:23,035 [Worker-15: Updating Maven Project] INFO  o.e.m.j.i.AbstractJavaProjectConfigurator - Adding source folder /Chapter05_XML/src/main/java
2024-03-15 10:52:23,036 [Worker-15: Updating Maven Project] INFO  o.e.m.j.i.AbstractJavaProjectConfigurator - Adding resource folder /Chapter05_XML/src/main/resources
2024-03-15 10:52:23,036 [Worker-15: Updating Maven Project] INFO  o.e.m.j.i.AbstractJavaProjectConfigurator - Adding source folder /Chapter05_XML/src/test/java
2024-03-15 10:52:23,036 [Worker-15: Updating Maven Project] INFO  o.e.m.j.i.AbstractJavaProjectConfigurator - Adding resource folder /Chapter05_XML/src/test/resources
2024-03-15 10:52:23,169 [Worker-15: Updating Maven Project] INFO  o.e.m.c.i.p.ProjectConfigurationManager - Update completed for 1 poms: local refresh takes 0.00 sec, refresh facades takes 0.00 sec, update config takes 0.00 sec 
2024-03-15 10:52:23,377 [Worker-2: Building] WARN  o.a.m.s.f.DefaultMavenResourcesFiltering - Using platform encoding (MS949 actually) to copy filtered resources, i.e. build is platform dependent!
2024-03-15 10:52:23,378 [Worker-2: Building] INFO  o.a.m.s.f.DefaultMavenResourcesFiltering - Copying 1 resource from src\main\resources to target\classes
2024-03-15 10:52:23,395 [Worker-2: Building] WARN  o.a.m.s.f.DefaultMavenResourcesFiltering - Using platform encoding (MS949 actually) to copy filtered resources, i.e. build is platform dependent!
2024-03-15 10:52:23,396 [Worker-2: Building] INFO  o.a.m.s.f.DefaultMavenResourcesFiltering - Copying 0 resource from src\test\resources to target\test-classes
2024-03-15 10:52:23,645 [Worker-2: Building] WARN  o.a.m.s.f.DefaultMavenResourcesFiltering - Using platform encoding (MS949 actually) to copy filtered resources, i.e. build is platform dependent!
2024-03-15 10:52:23,646 [Worker-2: Building] INFO  o.a.m.s.f.DefaultMavenResourcesFiltering - Copying 1 resource from src\main\resources to target\classes
2024-03-15 10:52:23,654 [Worker-2: Building] WARN  o.a.m.s.f.DefaultMavenResourcesFiltering - Using platform encoding (MS949 actually) to copy filtered resources, i.e. build is platform dependent!
2024-03-15 10:52:23,655 [Worker-2: Building] INFO  o.a.m.s.f.DefaultMavenResourcesFiltering - Copying 0 resource from src\test\resources to target\test-classes
2024-03-15 10:52:23,947 [Worker-2: Building] WARN  o.a.m.s.f.DefaultMavenResourcesFiltering - Using platform encoding (MS949 actually) to copy filtered resources, i.e. build is platform dependent!
2024-03-15 10:52:23,948 [Worker-2: Building] INFO  o.a.m.s.f.DefaultMavenResourcesFiltering - Copying 3 resources from src\main\resources to target\classes
2024-03-15 10:52:23,963 [Worker-2: Building] WARN  o.a.m.s.f.DefaultMavenResourcesFiltering - Using platform encoding (MS949 actually) to copy filtered resources, i.e. build is platform dependent!
2024-03-15 10:52:23,964 [Worker-2: Building] INFO  o.a.m.s.f.DefaultMavenResourcesFiltering - Copying 0 resource from src\test\resources to target\test-classes
2024-03-15 10:52:23,993 [Worker-14: Updating Maven Dependencies] INFO  o.e.m.c.i.l.LifecycleMappingFactory - Using org.eclipse.m2e.jdt.JarLifecycleMapping lifecycle mapping for MavenProject: Speing3:Chapter05_XML:0.0.1-SNAPSHOT @ D:\Spring\workspace\Chapter05_XML\pom.xml.
2024-03-15 10:52:24,083 [Worker-14: Updating Maven Dependencies] INFO  o.e.m.c.i.l.LifecycleMappingFactory - Using org.eclipse.m2e.jdt.JarLifecycleMapping lifecycle mapping for MavenProject: Spring3:Chapter04_XML:0.0.1-SNAPSHOT @ D:\Spring\workspace\Chapter04_XML\pom.xml.
2024-03-15 10:52:24,122 [Worker-14: Updating Maven Dependencies] INFO  o.e.m.c.i.l.LifecycleMappingFactory - Using org.eclipse.m2e.jdt.JarLifecycleMapping lifecycle mapping for MavenProject: Spring3:Chapter05_ANNO:0.0.1-SNAPSHOT @ D:\Spring\workspace\Chapter05_ANNO\pom.xml.
2024-03-15 10:52:24,167 [Worker-14: Updating Maven Dependencies] INFO  o.e.m.c.i.l.LifecycleMappingFactory - Using org.eclipse.m2e.jdt.JarLifecycleMapping lifecycle mapping for MavenProject: Spring3:Chapter02_XML:0.0.1-SNAPSHOT @ D:\Spring\workspace\Chapter02_XML\pom.xml.
2024-03-15 10:52:24,313 [Worker-2: Building] WARN  o.a.m.s.f.DefaultMavenResourcesFiltering - Using platform encoding (MS949 actually) to copy filtered resources, i.e. build is platform dependent!
2024-03-15 10:52:24,314 [Worker-2: Building] INFO  o.a.m.s.f.DefaultMavenResourcesFiltering - Copying 3 resources from src\main\resources to target\classes
2024-03-15 10:52:24,338 [Worker-2: Building] WARN  o.a.m.s.f.DefaultMavenResourcesFiltering - Using platform encoding (MS949 actually) to copy filtered resources, i.e. build is platform dependent!
2024-03-15 10:52:24,339 [Worker-2: Building] INFO  o.a.m.s.f.DefaultMavenResourcesFiltering - Copying 0 resource from src\test\resources to target\test-classes
2024-03-15 10:52:24,431 [Worker-2: Building] WARN  o.a.m.s.f.DefaultMavenResourcesFiltering - Using platform encoding (MS949 actually) to copy filtered resources, i.e. build is platform dependent!
2024-03-15 10:52:24,432 [Worker-2: Building] INFO  o.a.m.s.f.DefaultMavenResourcesFiltering - Copying 4 resources from src\main\resources to target\classes
2024-03-15 10:52:24,450 [Worker-2: Building] WARN  o.a.m.s.f.DefaultMavenResourcesFiltering - Using platform encoding (MS949 actually) to copy filtered resources, i.e. build is platform dependent!
2024-03-15 10:52:24,451 [Worker-2: Building] INFO  o.a.m.s.f.DefaultMavenResourcesFiltering - Copying 0 resource from src\test\resources to target\test-classes
2024-03-15 10:52:24,490 [Worker-14: Updating Maven Dependencies] INFO  o.e.m.c.i.l.LifecycleMappingFactory - Using org.eclipse.m2e.jdt.JarLifecycleMapping lifecycle mapping for MavenProject: Spring3:Chapter01.XML:0.0.1-SNAPSHOT @ D:\Spring\workspace\Chapter01.XML\pom.xml.
2024-03-15 10:52:24,532 [Worker-2: Building] WARN  o.a.m.s.f.DefaultMavenResourcesFiltering - Using platform encoding (MS949 actually) to copy filtered resources, i.e. build is platform dependent!
2024-03-15 10:52:24,533 [Worker-2: Building] INFO  o.a.m.s.f.DefaultMavenResourcesFiltering - Copying 4 resources from src\main\resources to target\classes
2024-03-15 10:52:24,550 [Worker-14: Updating Maven Dependencies] INFO  o.e.m.c.i.l.LifecycleMappingFactory - Using org.eclipse.m2e.jdt.JarLifecycleMapping lifecycle mapping for MavenProject: Spring3:Chapter03_XML:0.0.1-SNAPSHOT @ D:\Spring\workspace\Chapter03_XML\pom.xml.
2024-03-15 10:52:24,551 [Worker-2: Building] WARN  o.a.m.s.f.DefaultMavenResourcesFiltering - Using platform encoding (MS949 actually) to copy filtered resources, i.e. build is platform dependent!
2024-03-15 10:52:24,555 [Worker-2: Building] INFO  o.a.m.s.f.DefaultMavenResourcesFiltering - Copying 0 resource from src\test\resources to target\test-classes
2024-03-15 10:52:24,626 [Worker-14: Updating Maven Dependencies] INFO  o.e.m.c.i.l.LifecycleMappingFactory - Using org.eclipse.m2e.jdt.JarLifecycleMapping lifecycle mapping for MavenProject: Spring3:Chapter04_ANNO:0.0.1-SNAPSHOT @ D:\Spring\workspace\Chapter04_ANNO\pom.xml.
2024-03-15 10:52:24,662 [Worker-14: Updating Maven Dependencies] INFO  o.e.m.c.i.l.LifecycleMappingFactory - Using org.eclipse.m2e.jdt.JarLifecycleMapping lifecycle mapping for MavenProject: Spring3:Chapter01_ANNO:0.0.1-SNAPSHOT @ D:\Spring\workspace\Chapter01_ANNO\pom.xml.
2024-03-15 10:52:24,694 [Worker-14: Updating Maven Dependencies] INFO  o.e.m.c.i.l.LifecycleMappingFactory - Using org.eclipse.m2e.jdt.JarLifecycleMapping lifecycle mapping for MavenProject: Spring3:Chapter03_ANNO:0.0.1-SNAPSHOT @ D:\Spring\workspace\Chapter03_ANNO\pom.xml.
2024-03-15 10:52:24,728 [Worker-14: Updating Maven Dependencies] INFO  o.e.m.c.i.l.LifecycleMappingFactory - Using org.eclipse.m2e.jdt.JarLifecycleMapping lifecycle mapping for MavenProject: Spring3:Chapter02_ANNO:0.0.1-SNAPSHOT @ D:\Spring\workspace\Chapter02_ANNO\pom.xml.
2024-03-20 10:07:55,393 [Worker-2: Loading available Gradle versions] INFO  o.e.b.c.i.u.g.PublishedGradleVersions - Gradle version information cache is up-to-date. Trying to read.
2024-03-20 10:19:49,015 [Worker-26: Enabling Maven Dependency Management] INFO  o.e.m.c.i.e.AbstractTransferListenerAdapter - Downloading https://repo.maven.apache.org/maven2/org/apache/maven/plugins/maven-war-plugin/3.2.3/maven-war-plugin-3.2.3.jar
2024-03-20 10:19:49,035 [Worker-26: Enabling Maven Dependency Management] INFO  o.e.m.c.i.e.AbstractTransferListenerAdapter - Downloaded https://repo.maven.apache.org/maven2/org/apache/maven/plugins/maven-war-plugin/3.2.3/maven-war-plugin-3.2.3.jar
2024-03-20 10:19:51,383 [Worker-26: Enabling Maven Dependency Management] INFO  o.e.m.c.i.l.LifecycleMappingFactory - Using org.maven.ide.eclipse.wtp.WarLifecycleMapping lifecycle mapping for MavenProject: Chapter06:Chapter06:0.0.1-SNAPSHOT @ D:\Spring\workspace\Chapter06\pom.xml.
2024-03-20 10:19:51,410 [Worker-26: Enabling Maven Dependency Management] INFO  o.e.m.c.i.e.AbstractTransferListenerAdapter - Downloading https://repo.maven.apache.org/maven2/org/apache/maven/plugins/maven-war-plugin/3.2.3/maven-war-plugin-3.2.3.pom
2024-03-20 10:19:51,412 [Worker-26: Enabling Maven Dependency Management] INFO  o.e.m.c.i.e.AbstractTransferListenerAdapter - Downloaded https://repo.maven.apache.org/maven2/org/apache/maven/plugins/maven-war-plugin/3.2.3/maven-war-plugin-3.2.3.pom
2024-03-20 10:19:51,532 [Worker-26: Enabling Maven Dependency Management] INFO  o.e.m.c.i.e.AbstractTransferListenerAdapter - Downloading https://repo.maven.apache.org/maven2/org/apache/maven/maven-archiver/3.4.0/maven-archiver-3.4.0.pom
2024-03-20 10:19:51,534 [Worker-26: Enabling Maven Dependency Management] INFO  o.e.m.c.i.e.AbstractTransferListenerAdapter - Downloaded https://repo.maven.apache.org/maven2/org/apache/maven/maven-archiver/3.4.0/maven-archiver-3.4.0.pom
2024-03-20 10:19:51,563 [Worker-26: Enabling Maven Dependency Management] INFO  o.e.m.c.i.e.AbstractTransferListenerAdapter - Downloading https://repo.maven.apache.org/maven2/org/codehaus/plexus/plexus-archiver/4.1.0/plexus-archiver-4.1.0.pom
2024-03-20 10:19:51,565 [Worker-26: Enabling Maven Dependency Management] INFO  o.e.m.c.i.e.AbstractTransferListenerAdapter - Downloaded https://repo.maven.apache.org/maven2/org/codehaus/plexus/plexus-archiver/4.1.0/plexus-archiver-4.1.0.pom
2024-03-20 10:19:51,590 [Worker-26: Enabling Maven Dependency Management] INFO  o.e.m.c.i.e.AbstractTransferListenerAdapter - Downloading https://repo.maven.apache.org/maven2/org/codehaus/plexus/plexus-utils/3.1.1/plexus-utils-3.1.1.pom
2024-03-20 10:19:51,592 [Worker-26: Enabling Maven Dependency Management] INFO  o.e.m.c.i.e.AbstractTransferListenerAdapter - Downloaded https://repo.maven.apache.org/maven2/org/codehaus/plexus/plexus-utils/3.1.1/plexus-utils-3.1.1.pom
2024-03-20 10:19:51,607 [Worker-26: Enabling Maven Dependency Management] INFO  o.e.m.c.i.e.AbstractTransferListenerAdapter - Downloading https://repo.maven.apache.org/maven2/org/codehaus/plexus/plexus-io/3.1.1/plexus-io-3.1.1.pom
2024-03-20 10:19:51,610 [Worker-26: Enabling Maven Dependency Management] INFO  o.e.m.c.i.e.AbstractTransferListenerAdapter - Downloaded https://repo.maven.apache.org/maven2/org/codehaus/plexus/plexus-io/3.1.1/plexus-io-3.1.1.pom
2024-03-20 10:19:51,626 [Worker-26: Enabling Maven Dependency Management] INFO  o.e.m.c.i.e.AbstractTransferListenerAdapter - Downloading https://repo.maven.apache.org/maven2/org/codehaus/plexus/plexus-utils/3.1.0/plexus-utils-3.1.0.pom
2024-03-20 10:19:51,629 [Worker-26: Enabling Maven Dependency Management] INFO  o.e.m.c.i.e.AbstractTransferListenerAdapter - Downloaded https://repo.maven.apache.org/maven2/org/codehaus/plexus/plexus-utils/3.1.0/plexus-utils-3.1.0.pom
2024-03-20 10:19:51,674 [Worker-26: Enabling Maven Dependency Management] INFO  o.e.m.c.i.e.AbstractTransferListenerAdapter - Downloading https://repo.maven.apache.org/maven2/org/apache/commons/commons-compress/1.18/commons-compress-1.18.pom
2024-03-20 10:19:51,678 [Worker-26: Enabling Maven Dependency Management] INFO  o.e.m.c.i.e.AbstractTransferListenerAdapter - Downloaded https://repo.maven.apache.org/maven2/org/apache/commons/commons-compress/1.18/commons-compress-1.18.pom
2024-03-20 10:19:51,771 [Worker-26: Enabling Maven Dependency Management] INFO  o.e.m.c.i.e.AbstractTransferListenerAdapter - Downloading https://repo.maven.apache.org/maven2/com/thoughtworks/xstream/xstream/1.4.10/xstream-1.4.10.pom
2024-03-20 10:19:51,773 [Worker-26: Enabling Maven Dependency Management] INFO  o.e.m.c.i.e.AbstractTransferListenerAdapter - Downloaded https://repo.maven.apache.org/maven2/com/thoughtworks/xstream/xstream/1.4.10/xstream-1.4.10.pom
2024-03-20 10:19:51,789 [Worker-26: Enabling Maven Dependency Management] INFO  o.e.m.c.i.e.AbstractTransferListenerAdapter - Downloading https://repo.maven.apache.org/maven2/com/thoughtworks/xstream/xstream-parent/1.4.10/xstream-parent-1.4.10.pom
2024-03-20 10:19:51,791 [Worker-26: Enabling Maven Dependency Management] INFO  o.e.m.c.i.e.AbstractTransferListenerAdapter - Downloaded https://repo.maven.apache.org/maven2/com/thoughtworks/xstream/xstream-parent/1.4.10/xstream-parent-1.4.10.pom
2024-03-20 10:19:51,808 [Worker-26: Enabling Maven Dependency Management] INFO  o.e.m.c.i.e.AbstractTransferListenerAdapter - Downloading https://repo.maven.apache.org/maven2/xmlpull/xmlpull/1.1.3.1/xmlpull-1.1.3.1.pom
2024-03-20 10:19:51,811 [Worker-26: Enabling Maven Dependency Management] INFO  o.e.m.c.i.e.AbstractTransferListenerAdapter - Downloaded https://repo.maven.apache.org/maven2/xmlpull/xmlpull/1.1.3.1/xmlpull-1.1.3.1.pom
2024-03-20 10:19:51,836 [Worker-26: Enabling Maven Dependency Management] INFO  o.e.m.c.i.e.AbstractTransferListenerAdapter - Downloading https://repo.maven.apache.org/maven2/org/codehaus/plexus/plexus-utils/3.2.0/plexus-utils-3.2.0.pom
2024-03-20 10:19:51,838 [Worker-26: Enabling Maven Dependency Management] INFO  o.e.m.c.i.e.AbstractTransferListenerAdapter - Downloaded https://repo.maven.apache.org/maven2/org/codehaus/plexus/plexus-utils/3.2.0/plexus-utils-3.2.0.pom
2024-03-20 10:19:52,181 [Worker-26: Enabling Maven Dependency Management] INFO  o.e.m.c.i.e.AbstractTransferListenerAdapter - Downloading https://repo.maven.apache.org/maven2/org/apache/maven/maven-archiver/3.4.0/maven-archiver-3.4.0.jar
2024-03-20 10:19:52,182 [Worker-26: Enabling Maven Dependency Management] INFO  o.e.m.c.i.e.AbstractTransferListenerAdapter - Downloaded https://repo.maven.apache.org/maven2/org/apache/maven/maven-archiver/3.4.0/maven-archiver-3.4.0.jar
2024-03-20 10:19:52,187 [BasicRepositoryConnector-repo.maven.apache.org-0-1] INFO  o.e.m.c.i.e.AbstractTransferListenerAdapter - Downloading https://repo.maven.apache.org/maven2/org/codehaus/plexus/plexus-io/3.1.1/plexus-io-3.1.1.jar
2024-03-20 10:19:52,190 [BasicRepositoryConnector-repo.maven.apache.org-0-1] INFO  o.e.m.c.i.e.AbstractTransferListenerAdapter - Downloaded https://repo.maven.apache.org/maven2/org/codehaus/plexus/plexus-io/3.1.1/plexus-io-3.1.1.jar
2024-03-20 10:19:52,196 [BasicRepositoryConnector-repo.maven.apache.org-0-1] INFO  o.e.m.c.i.e.AbstractTransferListenerAdapter - Downloading https://repo.maven.apache.org/maven2/xmlpull/xmlpull/1.1.3.1/xmlpull-1.1.3.1.jar
2024-03-20 10:19:52,198 [BasicRepositoryConnector-repo.maven.apache.org-0-1] INFO  o.e.m.c.i.e.AbstractTransferListenerAdapter - Downloaded https://repo.maven.apache.org/maven2/xmlpull/xmlpull/1.1.3.1/xmlpull-1.1.3.1.jar
2024-03-20 10:19:52,199 [BasicRepositoryConnector-repo.maven.apache.org-0-4] INFO  o.e.m.c.i.e.AbstractTransferListenerAdapter - Downloading https://repo.maven.apache.org/maven2/com/thoughtworks/xstream/xstream/1.4.10/xstream-1.4.10.jar
2024-03-20 10:19:52,199 [BasicRepositoryConnector-repo.maven.apache.org-0-3] INFO  o.e.m.c.i.e.AbstractTransferListenerAdapter - Downloading https://repo.maven.apache.org/maven2/org/codehaus/plexus/plexus-interpolation/1.25/plexus-interpolation-1.25.jar
2024-03-20 10:19:52,200 [BasicRepositoryConnector-repo.maven.apache.org-0-0] INFO  o.e.m.c.i.e.AbstractTransferListenerAdapter - Downloading https://repo.maven.apache.org/maven2/org/codehaus/plexus/plexus-archiver/4.1.0/plexus-archiver-4.1.0.jar
2024-03-20 10:19:52,200 [BasicRepositoryConnector-repo.maven.apache.org-0-2] INFO  o.e.m.c.i.e.AbstractTransferListenerAdapter - Downloading https://repo.maven.apache.org/maven2/org/apache/commons/commons-compress/1.18/commons-compress-1.18.jar
2024-03-20 10:19:52,201 [BasicRepositoryConnector-repo.maven.apache.org-0-1] INFO  o.e.m.c.i.e.AbstractTransferListenerAdapter - Downloading https://repo.maven.apache.org/maven2/org/codehaus/plexus/plexus-utils/3.2.0/plexus-utils-3.2.0.jar
2024-03-20 10:19:52,208 [BasicRepositoryConnector-repo.maven.apache.org-0-3] INFO  o.e.m.c.i.e.AbstractTransferListenerAdapter - Downloaded https://repo.maven.apache.org/maven2/org/codehaus/plexus/plexus-interpolation/1.25/plexus-interpolation-1.25.jar
2024-03-20 10:19:52,209 [BasicRepositoryConnector-repo.maven.apache.org-0-1] INFO  o.e.m.c.i.e.AbstractTransferListenerAdapter - Downloaded https://repo.maven.apache.org/maven2/org/codehaus/plexus/plexus-utils/3.2.0/plexus-utils-3.2.0.jar
2024-03-20 10:19:52,213 [BasicRepositoryConnector-repo.maven.apache.org-0-0] INFO  o.e.m.c.i.e.AbstractTransferListenerAdapter - Downloaded https://repo.maven.apache.org/maven2/org/codehaus/plexus/plexus-archiver/4.1.0/plexus-archiver-4.1.0.jar
2024-03-20 10:19:52,223 [BasicRepositoryConnector-repo.maven.apache.org-0-4] INFO  o.e.m.c.i.e.AbstractTransferListenerAdapter - Downloaded https://repo.maven.apache.org/maven2/com/thoughtworks/xstream/xstream/1.4.10/xstream-1.4.10.jar
2024-03-20 10:19:52,230 [BasicRepositoryConnector-repo.maven.apache.org-0-2] INFO  o.e.m.c.i.e.AbstractTransferListenerAdapter - Downloaded https://repo.maven.apache.org/maven2/org/apache/commons/commons-compress/1.18/commons-compress-1.18.jar
2024-03-20 10:19:53,230 [Worker-7: Building] WARN  o.a.m.s.f.DefaultMavenResourcesFiltering - Using platform encoding (MS949 actually) to copy filtered resources, i.e. build is platform dependent!
2024-03-20 10:19:53,231 [Worker-7: Building] INFO  o.a.m.s.f.DefaultMavenResourcesFiltering - skip non existing resourceDirectory D:\Spring\workspace\Chapter06\src\main\resources
2024-03-20 10:19:53,236 [Worker-7: Building] WARN  o.a.m.s.f.DefaultMavenResourcesFiltering - Using platform encoding (MS949 actually) to copy filtered resources, i.e. build is platform dependent!
2024-03-20 10:19:53,237 [Worker-7: Building] INFO  o.a.m.s.f.DefaultMavenResourcesFiltering - skip non existing resourceDirectory D:\Spring\workspace\Chapter06\src\test\resources
2024-03-20 10:19:53,613 [Worker-26: Enabling Maven Dependency Management] INFO  o.e.m.j.i.AbstractJavaProjectConfigurator - Adding source folder /Chapter06/src/main/java
2024-03-20 10:19:53,613 [Worker-26: Enabling Maven Dependency Management] INFO  o.e.m.j.i.AbstractJavaProjectConfigurator - Adding resource folder /Chapter06/src/main/resources
2024-03-20 10:19:53,613 [Worker-26: Enabling Maven Dependency Management] INFO  o.e.m.j.i.AbstractJavaProjectConfigurator - Adding source folder /Chapter06/src/test/java
2024-03-20 10:19:53,614 [Worker-26: Enabling Maven Dependency Management] INFO  o.e.m.j.i.AbstractJavaProjectConfigurator - Adding resource folder /Chapter06/src/test/resources
2024-03-20 10:19:53,929 [Worker-26: Enabling Maven Dependency Management] INFO  o.e.m.c.i.p.ProjectConfigurationManager - Update started
2024-03-20 10:19:54,225 [Worker-26: Enabling Maven Dependency Management] INFO  o.e.m.c.i.l.LifecycleMappingFactory - Using org.maven.ide.eclipse.wtp.WarLifecycleMapping lifecycle mapping for MavenProject: Chapter06:Chapter06:0.0.1-SNAPSHOT @ D:\Spring\workspace\Chapter06\pom.xml.
2024-03-20 10:19:54,601 [Worker-26: Enabling Maven Dependency Management] INFO  o.e.m.j.i.AbstractJavaProjectConfigurator - Adding source folder /Chapter06/src/main/java
2024-03-20 10:19:54,601 [Worker-26: Enabling Maven Dependency Management] INFO  o.e.m.j.i.AbstractJavaProjectConfigurator - Adding resource folder /Chapter06/src/main/resources
2024-03-20 10:19:54,603 [Worker-26: Enabling Maven Dependency Management] INFO  o.e.m.j.i.AbstractJavaProjectConfigurator - Adding source folder /Chapter06/src/test/java
2024-03-20 10:19:54,603 [Worker-26: Enabling Maven Dependency Management] INFO  o.e.m.j.i.AbstractJavaProjectConfigurator - Adding resource folder /Chapter06/src/test/resources
2024-03-20 10:19:54,737 [Worker-26: Enabling Maven Dependency Management] INFO  o.e.m.w.i.f.ResourceFilteringBuildParticipant - Cleaning filtered folder for Chapter06
2024-03-20 10:19:54,751 [Worker-26: Enabling Maven Dependency Management] INFO  o.e.m.c.i.p.ProjectConfigurationManager - Update completed for 1 poms: local refresh takes 0.00 sec, refresh facades takes 0.00 sec, update config takes 0.00 sec 
2024-03-20 10:19:54,876 [Worker-29: Building] WARN  o.a.m.s.f.DefaultMavenResourcesFiltering - Using platform encoding (MS949 actually) to copy filtered resources, i.e. build is platform dependent!
2024-03-20 10:19:54,877 [Worker-29: Building] INFO  o.a.m.s.f.DefaultMavenResourcesFiltering - skip non existing resourceDirectory D:\Spring\workspace\Chapter06\src\main\resources
2024-03-20 10:19:54,883 [Worker-29: Building] WARN  o.a.m.s.f.DefaultMavenResourcesFiltering - Using platform encoding (MS949 actually) to copy filtered resources, i.e. build is platform dependent!
2024-03-20 10:19:54,884 [Worker-29: Building] INFO  o.a.m.s.f.DefaultMavenResourcesFiltering - skip non existing resourceDirectory D:\Spring\workspace\Chapter06\src\test\resources
2024-03-20 10:19:54,884 [Worker-29: Building] INFO  o.e.m.w.i.f.ResourceFilteringBuildParticipant - Changed resources require a complete clean of filtered resources of Chapter06
2024-03-20 10:19:54,887 [Worker-29: Building] INFO  o.e.m.w.i.f.ResourceFilteringBuildParticipant - Executing resource filtering for Chapter06
2024-03-20 10:20:11,125 [Worker-27: Updating Maven Project] INFO  o.e.m.c.i.p.ProjectConfigurationManager - Update started
2024-03-20 10:20:11,367 [Worker-27: Updating Maven Project] INFO  o.e.m.c.i.l.LifecycleMappingFactory - Using org.maven.ide.eclipse.wtp.WarLifecycleMapping lifecycle mapping for MavenProject: Chapter06:Chapter06:0.0.1-SNAPSHOT @ D:\Spring\workspace\Chapter06\pom.xml.
2024-03-20 10:20:11,681 [Worker-27: Updating Maven Project] INFO  o.e.m.j.i.AbstractJavaProjectConfigurator - Adding source folder /Chapter06/src/main/java
2024-03-20 10:20:11,681 [Worker-27: Updating Maven Project] INFO  o.e.m.j.i.AbstractJavaProjectConfigurator - Adding resource folder /Chapter06/src/main/resources
2024-03-20 10:20:11,683 [Worker-27: Updating Maven Project] INFO  o.e.m.j.i.AbstractJavaProjectConfigurator - Adding source folder /Chapter06/src/test/java
2024-03-20 10:20:11,683 [Worker-27: Updating Maven Project] INFO  o.e.m.j.i.AbstractJavaProjectConfigurator - Adding resource folder /Chapter06/src/test/resources
2024-03-20 10:20:11,782 [Worker-27: Updating Maven Project] INFO  o.e.m.w.i.f.ResourceFilteringBuildParticipant - Cleaning filtered folder for Chapter06
2024-03-20 10:20:11,789 [Worker-27: Updating Maven Project] INFO  o.e.m.c.i.p.ProjectConfigurationManager - Update completed for 1 poms: local refresh takes 0.00 sec, refresh facades takes 0.00 sec, update config takes 0.00 sec 
2024-03-20 10:20:11,919 [Worker-29: Building] WARN  o.a.m.s.f.DefaultMavenResourcesFiltering - Using platform encoding (MS949 actually) to copy filtered resources, i.e. build is platform dependent!
2024-03-20 10:20:11,920 [Worker-29: Building] INFO  o.a.m.s.f.DefaultMavenResourcesFiltering - skip non existing resourceDirectory D:\Spring\workspace\Chapter06\src\main\resources
2024-03-20 10:20:11,924 [Worker-29: Building] WARN  o.a.m.s.f.DefaultMavenResourcesFiltering - Using platform encoding (MS949 actually) to copy filtered resources, i.e. build is platform dependent!
2024-03-20 10:20:11,926 [Worker-29: Building] INFO  o.a.m.s.f.DefaultMavenResourcesFiltering - skip non existing resourceDirectory D:\Spring\workspace\Chapter06\src\test\resources
2024-03-20 10:20:11,927 [Worker-29: Building] INFO  o.e.m.w.i.f.ResourceFilteringBuildParticipant - Changed resources require a complete clean of filtered resources of Chapter06
2024-03-20 10:20:11,927 [Worker-29: Building] INFO  o.e.m.w.i.f.ResourceFilteringBuildParticipant - Executing resource filtering for Chapter06
2024-03-20 10:28:25,974 [Worker-32: Building] WARN  o.a.m.s.f.DefaultMavenResourcesFiltering - Using platform encoding (MS949 actually) to copy filtered resources, i.e. build is platform dependent!
2024-03-20 10:28:25,975 [Worker-32: Building] INFO  o.a.m.s.f.DefaultMavenResourcesFiltering - skip non existing resourceDirectory D:\Spring\workspace\Chapter06\src\main\resources
2024-03-20 10:28:25,977 [Worker-32: Building] WARN  o.a.m.s.f.DefaultMavenResourcesFiltering - Using platform encoding (MS949 actually) to copy filtered resources, i.e. build is platform dependent!
2024-03-20 10:28:25,978 [Worker-32: Building] INFO  o.a.m.s.f.DefaultMavenResourcesFiltering - skip non existing resourceDirectory D:\Spring\workspace\Chapter06\src\test\resources
2024-03-20 10:28:56,473 [Worker-35: Building] WARN  o.a.m.s.f.DefaultMavenResourcesFiltering - Using platform encoding (MS949 actually) to copy filtered resources, i.e. build is platform dependent!
2024-03-20 10:28:56,480 [Worker-35: Building] INFO  o.a.m.s.f.DefaultMavenResourcesFiltering - Copying 0 resource from src\main\resources to target\classes
2024-03-20 10:28:56,482 [Worker-35: Building] WARN  o.a.m.s.f.DefaultMavenResourcesFiltering - Using platform encoding (MS949 actually) to copy filtered resources, i.e. build is platform dependent!
2024-03-20 10:28:56,483 [Worker-35: Building] INFO  o.a.m.s.f.DefaultMavenResourcesFiltering - Copying 0 resource from src\test\resources to target\test-classes
2024-03-20 10:31:18,557 [Worker-32: Building] INFO  o.e.m.c.i.l.LifecycleMappingFactory - Using org.maven.ide.eclipse.wtp.WarLifecycleMapping lifecycle mapping for MavenProject: Chapter06:Chapter06:0.0.1-SNAPSHOT @ D:\Spring\workspace\Chapter06\pom.xml.
2024-03-20 10:31:18,613 [Worker-32: Building] INFO  o.e.m.c.i.e.AbstractTransferListenerAdapter - Downloading https://repo.maven.apache.org/maven2/org/springframework/spring-webmvc/6.0.11/spring-webmvc-6.0.11.pom
2024-03-20 10:31:18,617 [Worker-32: Building] INFO  o.e.m.c.i.e.AbstractTransferListenerAdapter - Downloaded https://repo.maven.apache.org/maven2/org/springframework/spring-webmvc/6.0.11/spring-webmvc-6.0.11.pom
2024-03-20 10:31:18,691 [Worker-32: Building] INFO  o.e.m.c.i.e.AbstractTransferListenerAdapter - Downloading https://repo.maven.apache.org/maven2/org/springframework/spring-web/6.0.11/spring-web-6.0.11.pom
2024-03-20 10:31:18,719 [Worker-32: Building] INFO  o.e.m.c.i.e.AbstractTransferListenerAdapter - Downloaded https://repo.maven.apache.org/maven2/org/springframework/spring-web/6.0.11/spring-web-6.0.11.pom
2024-03-20 10:31:18,742 [Worker-32: Building] INFO  o.e.m.c.i.e.AbstractTransferListenerAdapter - Downloading https://repo.maven.apache.org/maven2/io/micrometer/micrometer-observation/1.10.9/micrometer-observation-1.10.9.pom
2024-03-20 10:31:18,750 [Worker-32: Building] INFO  o.e.m.c.i.e.AbstractTransferListenerAdapter - Downloaded https://repo.maven.apache.org/maven2/io/micrometer/micrometer-observation/1.10.9/micrometer-observation-1.10.9.pom
2024-03-20 10:31:18,772 [Worker-32: Building] INFO  o.e.m.c.i.e.AbstractTransferListenerAdapter - Downloading https://repo.maven.apache.org/maven2/io/micrometer/micrometer-commons/1.10.9/micrometer-commons-1.10.9.pom
2024-03-20 10:31:18,776 [Worker-32: Building] INFO  o.e.m.c.i.e.AbstractTransferListenerAdapter - Downloaded https://repo.maven.apache.org/maven2/io/micrometer/micrometer-commons/1.10.9/micrometer-commons-1.10.9.pom
2024-03-20 10:31:18,798 [Worker-32: Building] INFO  o.e.m.c.i.e.AbstractTransferListenerAdapter - Downloading https://repo.maven.apache.org/maven2/javax/servlet/jstl/1.2/jstl-1.2.pom
2024-03-20 10:31:18,802 [Worker-32: Building] INFO  o.e.m.c.i.e.AbstractTransferListenerAdapter - Downloaded https://repo.maven.apache.org/maven2/javax/servlet/jstl/1.2/jstl-1.2.pom
2024-03-20 10:31:18,826 [Worker-32: Building] INFO  o.e.m.c.i.e.AbstractTransferListenerAdapter - Downloading https://repo.maven.apache.org/maven2/org/springframework/spring-webmvc/6.0.11/spring-webmvc-6.0.11.jar
2024-03-20 10:31:18,848 [Worker-32: Building] INFO  o.e.m.c.i.e.AbstractTransferListenerAdapter - Downloaded https://repo.maven.apache.org/maven2/org/springframework/spring-webmvc/6.0.11/spring-webmvc-6.0.11.jar
2024-03-20 10:31:18,855 [BasicRepositoryConnector-repo.maven.apache.org-1-2] INFO  o.e.m.c.i.e.AbstractTransferListenerAdapter - Downloading https://repo.maven.apache.org/maven2/io/micrometer/micrometer-commons/1.10.9/micrometer-commons-1.10.9.jar
2024-03-20 10:31:18,858 [BasicRepositoryConnector-repo.maven.apache.org-1-2] INFO  o.e.m.c.i.e.AbstractTransferListenerAdapter - Downloaded https://repo.maven.apache.org/maven2/io/micrometer/micrometer-commons/1.10.9/micrometer-commons-1.10.9.jar
2024-03-20 10:31:18,867 [BasicRepositoryConnector-repo.maven.apache.org-1-0] INFO  o.e.m.c.i.e.AbstractTransferListenerAdapter - Downloading https://repo.maven.apache.org/maven2/org/springframework/spring-web/6.0.11/spring-web-6.0.11.jar
2024-03-20 10:31:18,867 [BasicRepositoryConnector-repo.maven.apache.org-1-3] INFO  o.e.m.c.i.e.AbstractTransferListenerAdapter - Downloading https://repo.maven.apache.org/maven2/javax/servlet/jstl/1.2/jstl-1.2.jar
2024-03-20 10:31:18,878 [BasicRepositoryConnector-repo.maven.apache.org-1-1] INFO  o.e.m.c.i.e.AbstractTransferListenerAdapter - Downloading https://repo.maven.apache.org/maven2/io/micrometer/micrometer-observation/1.10.9/micrometer-observation-1.10.9.jar
2024-03-20 10:31:18,879 [BasicRepositoryConnector-repo.maven.apache.org-1-3] INFO  o.e.m.c.i.e.AbstractTransferListenerAdapter - Downloaded https://repo.maven.apache.org/maven2/javax/servlet/jstl/1.2/jstl-1.2.jar
2024-03-20 10:31:18,884 [BasicRepositoryConnector-repo.maven.apache.org-1-1] INFO  o.e.m.c.i.e.AbstractTransferListenerAdapter - Downloaded https://repo.maven.apache.org/maven2/io/micrometer/micrometer-observation/1.10.9/micrometer-observation-1.10.9.jar
2024-03-20 10:31:18,903 [BasicRepositoryConnector-repo.maven.apache.org-1-0] INFO  o.e.m.c.i.e.AbstractTransferListenerAdapter - Downloaded https://repo.maven.apache.org/maven2/org/springframework/spring-web/6.0.11/spring-web-6.0.11.jar
2024-03-20 10:31:19,268 [Worker-32: Building] WARN  o.a.m.s.f.DefaultMavenResourcesFiltering - Using platform encoding (MS949 actually) to copy filtered resources, i.e. build is platform dependent!
2024-03-20 10:31:19,271 [Worker-32: Building] INFO  o.a.m.s.f.DefaultMavenResourcesFiltering - Copying 0 resource from src\main\resources to target\classes
2024-03-20 10:31:19,275 [Worker-32: Building] WARN  o.a.m.s.f.DefaultMavenResourcesFiltering - Using platform encoding (MS949 actually) to copy filtered resources, i.e. build is platform dependent!
2024-03-20 10:31:19,275 [Worker-32: Building] INFO  o.a.m.s.f.DefaultMavenResourcesFiltering - Copying 0 resource from src\test\resources to target\test-classes
2024-03-20 10:31:19,276 [Worker-32: Building] INFO  o.e.m.w.i.f.ResourceFilteringBuildParticipant - Changed resources require a complete clean of filtered resources of Chapter06
2024-03-20 10:31:19,276 [Worker-32: Building] INFO  o.e.m.w.i.f.ResourceFilteringBuildParticipant - Executing resource filtering for Chapter06
2024-03-20 10:31:20,263 [Worker-39: Download sources and javadoc] INFO  o.e.m.c.i.e.AbstractTransferListenerAdapter - Downloading https://repo.maven.apache.org/maven2/org/springframework/spring-webmvc/6.0.11/spring-webmvc-6.0.11-sources.jar
2024-03-20 10:31:20,282 [Worker-39: Download sources and javadoc] INFO  o.e.m.c.i.e.AbstractTransferListenerAdapter - Downloaded https://repo.maven.apache.org/maven2/org/springframework/spring-webmvc/6.0.11/spring-webmvc-6.0.11-sources.jar
2024-03-20 10:31:20,285 [Worker-39: Download sources and javadoc] INFO  o.e.m.j.internal.DownloadSourcesJob - Downloaded sources for org.springframework:spring-webmvc:6.0.11
2024-03-20 10:31:20,303 [Worker-39: Download sources and javadoc] INFO  o.e.m.c.i.e.AbstractTransferListenerAdapter - Downloading https://repo.maven.apache.org/maven2/org/springframework/spring-web/6.0.11/spring-web-6.0.11-sources.jar
2024-03-20 10:31:20,323 [Worker-39: Download sources and javadoc] INFO  o.e.m.c.i.e.AbstractTransferListenerAdapter - Downloaded https://repo.maven.apache.org/maven2/org/springframework/spring-web/6.0.11/spring-web-6.0.11-sources.jar
2024-03-20 10:31:20,327 [Worker-39: Download sources and javadoc] INFO  o.e.m.j.internal.DownloadSourcesJob - Downloaded sources for org.springframework:spring-web:6.0.11
2024-03-20 10:31:20,343 [Worker-39: Download sources and javadoc] INFO  o.e.m.c.i.e.AbstractTransferListenerAdapter - Downloading https://repo.maven.apache.org/maven2/io/micrometer/micrometer-observation/1.10.9/micrometer-observation-1.10.9-sources.jar
2024-03-20 10:31:20,348 [Worker-39: Download sources and javadoc] INFO  o.e.m.c.i.e.AbstractTransferListenerAdapter - Downloaded https://repo.maven.apache.org/maven2/io/micrometer/micrometer-observation/1.10.9/micrometer-observation-1.10.9-sources.jar
2024-03-20 10:31:20,350 [Worker-39: Download sources and javadoc] INFO  o.e.m.j.internal.DownloadSourcesJob - Downloaded sources for io.micrometer:micrometer-observation:1.10.9
2024-03-20 10:31:20,371 [Worker-39: Download sources and javadoc] INFO  o.e.m.c.i.e.AbstractTransferListenerAdapter - Downloading https://repo.maven.apache.org/maven2/io/micrometer/micrometer-commons/1.10.9/micrometer-commons-1.10.9-sources.jar
2024-03-20 10:31:20,374 [Worker-39: Download sources and javadoc] INFO  o.e.m.c.i.e.AbstractTransferListenerAdapter - Downloaded https://repo.maven.apache.org/maven2/io/micrometer/micrometer-commons/1.10.9/micrometer-commons-1.10.9-sources.jar
2024-03-20 10:31:20,377 [Worker-39: Download sources and javadoc] INFO  o.e.m.j.internal.DownloadSourcesJob - Downloaded sources for io.micrometer:micrometer-commons:1.10.9
2024-03-20 10:31:20,395 [Worker-39: Download sources and javadoc] INFO  o.e.m.c.i.e.AbstractTransferListenerAdapter - Downloading https://repo.maven.apache.org/maven2/javax/servlet/jstl/1.2/jstl-1.2-sources.jar
2024-03-20 10:31:20,407 [Worker-39: Download sources and javadoc] INFO  o.e.m.c.i.e.AbstractTransferListenerAdapter - Downloaded https://repo.maven.apache.org/maven2/javax/servlet/jstl/1.2/jstl-1.2-sources.jar
2024-03-20 10:31:20,410 [Worker-39: Download sources and javadoc] INFO  o.e.m.j.internal.DownloadSourcesJob - Downloaded sources for javax.servlet:jstl:1.2
2024-04-30 14:25:30,571 [Worker-7: Loading available Gradle versions] INFO  o.e.b.c.i.u.g.PublishedGradleVersions - Gradle version information cache is out-of-date. Trying to update.
2024-04-30 14:25:38,120 [Worker-3: Updating Maven Dependencies] INFO  o.e.m.c.i.l.LifecycleMappingFactory - Using org.maven.ide.eclipse.wtp.WarLifecycleMapping lifecycle mapping for MavenProject: com.spring:NCPTestMaven:1.0.0-BUILD-SNAPSHOT @ D:\Spring\workspace\NCPTestMaven\pom.xml.
2024-04-30 14:25:42,517 [Worker-12: Building] INFO  o.e.m.c.i.l.LifecycleMappingFactory - Using org.eclipse.m2e.jdt.JarLifecycleMapping lifecycle mapping for MavenProject: Spring3:Chapter01.XML:0.0.1-SNAPSHOT @ D:\Spring\workspace\Chapter01.XML\pom.xml.
2024-04-30 14:25:44,498 [Worker-12: Building] INFO  o.e.m.c.i.l.LifecycleMappingFactory - Using org.eclipse.m2e.jdt.JarLifecycleMapping lifecycle mapping for MavenProject: Spring3:Chapter01_ANNO:0.0.1-SNAPSHOT @ D:\Spring\workspace\Chapter01_ANNO\pom.xml.
2024-04-30 14:25:45,099 [Worker-12: Building] INFO  o.e.m.c.i.l.LifecycleMappingFactory - Using org.eclipse.m2e.jdt.JarLifecycleMapping lifecycle mapping for MavenProject: Spring3:Chapter02_ANNO:0.0.1-SNAPSHOT @ D:\Spring\workspace\Chapter02_ANNO\pom.xml.
2024-04-30 14:25:45,913 [Worker-12: Building] INFO  o.e.m.c.i.l.LifecycleMappingFactory - Using org.eclipse.m2e.jdt.JarLifecycleMapping lifecycle mapping for MavenProject: Spring3:Chapter02_XML:0.0.1-SNAPSHOT @ D:\Spring\workspace\Chapter02_XML\pom.xml.
2024-04-30 14:25:46,331 [Worker-12: Building] INFO  o.e.m.c.i.l.LifecycleMappingFactory - Using org.eclipse.m2e.jdt.JarLifecycleMapping lifecycle mapping for MavenProject: Spring3:Chapter03_ANNO:0.0.1-SNAPSHOT @ D:\Spring\workspace\Chapter03_ANNO\pom.xml.
2024-04-30 14:25:46,847 [Worker-12: Building] INFO  o.e.m.c.i.l.LifecycleMappingFactory - Using org.eclipse.m2e.jdt.JarLifecycleMapping lifecycle mapping for MavenProject: Spring3:Chapter03_XML:0.0.1-SNAPSHOT @ D:\Spring\workspace\Chapter03_XML\pom.xml.
2024-04-30 14:25:47,168 [Worker-12: Building] INFO  o.e.m.c.i.l.LifecycleMappingFactory - Using org.eclipse.m2e.jdt.JarLifecycleMapping lifecycle mapping for MavenProject: Spring3:Chapter04_ANNO:0.0.1-SNAPSHOT @ D:\Spring\workspace\Chapter04_ANNO\pom.xml.
2024-04-30 14:25:48,053 [Worker-12: Building] INFO  o.e.m.c.i.l.LifecycleMappingFactory - Using org.eclipse.m2e.jdt.JarLifecycleMapping lifecycle mapping for MavenProject: Spring3:Chapter04_XML:0.0.1-SNAPSHOT @ D:\Spring\workspace\Chapter04_XML\pom.xml.
2024-04-30 14:25:48,525 [Worker-12: Building] INFO  o.e.m.c.i.l.LifecycleMappingFactory - Using org.eclipse.m2e.jdt.JarLifecycleMapping lifecycle mapping for MavenProject: Spring3:Chapter05_ANNO:0.0.1-SNAPSHOT @ D:\Spring\workspace\Chapter05_ANNO\pom.xml.
2024-04-30 14:25:49,227 [Worker-12: Building] INFO  o.e.m.c.i.l.LifecycleMappingFactory - Using org.eclipse.m2e.jdt.JarLifecycleMapping lifecycle mapping for MavenProject: Speing3:Chapter05_XML:0.0.1-SNAPSHOT @ D:\Spring\workspace\Chapter05_XML\pom.xml.
2024-04-30 14:25:51,814 [Worker-12: Building] INFO  o.e.m.c.i.l.LifecycleMappingFactory - Using org.maven.ide.eclipse.wtp.WarLifecycleMapping lifecycle mapping for MavenProject: Chapter06:Chapter06:0.0.1-SNAPSHOT @ D:\Spring\workspace\Chapter06\pom.xml.
2024-04-30 14:25:53,298 [Worker-6: Updating Maven Project] INFO  o.e.m.c.i.p.ProjectConfigurationManager - Update started
2024-04-30 14:25:53,615 [Worker-6: Updating Maven Project] INFO  o.e.m.c.i.l.LifecycleMappingFactory - Using org.maven.ide.eclipse.wtp.WarLifecycleMapping lifecycle mapping for MavenProject: Chapter06:Chapter06:0.0.1-SNAPSHOT @ D:\Spring\workspace\Chapter06\pom.xml.
2024-04-30 14:25:54,204 [Worker-6: Updating Maven Project] INFO  o.e.m.j.i.AbstractJavaProjectConfigurator - Adding source folder /Chapter06/src/main/java
2024-04-30 14:25:54,204 [Worker-6: Updating Maven Project] INFO  o.e.m.j.i.AbstractJavaProjectConfigurator - Adding resource folder /Chapter06/src/main/resources
2024-04-30 14:25:54,206 [Worker-6: Updating Maven Project] INFO  o.e.m.j.i.AbstractJavaProjectConfigurator - Adding source folder /Chapter06/src/test/java
2024-04-30 14:25:54,207 [Worker-6: Updating Maven Project] INFO  o.e.m.j.i.AbstractJavaProjectConfigurator - Adding resource folder /Chapter06/src/test/resources
2024-04-30 14:25:54,804 [Worker-9: Updating Maven Dependencies] INFO  o.e.m.c.i.l.LifecycleMappingFactory - Using org.maven.ide.eclipse.wtp.WarLifecycleMapping lifecycle mapping for MavenProject: com.spring:NCPTestMaven:1.0.0-BUILD-SNAPSHOT @ D:\Spring\workspace\NCPTestMaven\pom.xml.
2024-04-30 14:25:54,876 [Worker-9: Updating Maven Dependencies] INFO  o.e.m.c.i.l.LifecycleMappingFactory - Using org.maven.ide.eclipse.wtp.WarLifecycleMapping lifecycle mapping for MavenProject: Chapter06_Web:Chapter06_Web:0.0.1-SNAPSHOT @ D:\Spring\workspace\Chapter06_Web\pom.xml.
2024-04-30 14:25:55,748 [Worker-9: Updating Maven Dependencies] INFO  o.e.m.c.i.l.LifecycleMappingFactory - Using org.eclipse.m2e.jdt.JarLifecycleMapping lifecycle mapping for MavenProject: Spring3:Chapter02_XML:0.0.1-SNAPSHOT @ D:\Spring\workspace\Chapter02_XML\pom.xml.
2024-04-30 14:25:55,774 [Worker-6: Updating Maven Project] INFO  o.e.m.w.i.f.ResourceFilteringBuildParticipant - Cleaning filtered folder for Chapter06
2024-04-30 14:25:55,781 [Worker-6: Updating Maven Project] INFO  o.e.m.c.i.p.ProjectConfigurationManager - Update completed for 1 poms: local refresh takes 0.00 sec, refresh facades takes 0.00 sec, update config takes 1.00 sec 
2024-04-30 14:25:56,016 [Worker-9: Updating Maven Dependencies] INFO  o.e.m.c.i.l.LifecycleMappingFactory - Using org.maven.ide.eclipse.wtp.WarLifecycleMapping lifecycle mapping for MavenProject: Chapter06_1:Chapter06_1:0.0.1-SNAPSHOT @ D:\Spring\workspace\Chapter06_1\pom.xml.
2024-04-30 14:25:56,055 [Worker-9: Updating Maven Dependencies] INFO  o.e.m.c.i.l.LifecycleMappingFactory - Using org.eclipse.m2e.jdt.JarLifecycleMapping lifecycle mapping for MavenProject: Speing3:Chapter05_XML:0.0.1-SNAPSHOT @ D:\Spring\workspace\Chapter05_XML\pom.xml.
2024-04-30 14:25:56,128 [Worker-9: Updating Maven Dependencies] INFO  o.e.m.c.i.l.LifecycleMappingFactory - Using org.eclipse.m2e.jdt.JarLifecycleMapping lifecycle mapping for MavenProject: Spring3:Chapter04_XML:0.0.1-SNAPSHOT @ D:\Spring\workspace\Chapter04_XML\pom.xml.
2024-04-30 14:25:56,134 [Worker-3: Building] WARN  o.a.m.s.f.DefaultMavenResourcesFiltering - Using platform encoding (MS949 actually) to copy filtered resources, i.e. build is platform dependent!
2024-04-30 14:25:56,135 [Worker-3: Building] INFO  o.a.m.s.f.DefaultMavenResourcesFiltering - skip non existing resourceDirectory D:\Spring\workspace\Chapter06\src\main\resources
2024-04-30 14:25:56,140 [Worker-3: Building] WARN  o.a.m.s.f.DefaultMavenResourcesFiltering - Using platform encoding (MS949 actually) to copy filtered resources, i.e. build is platform dependent!
2024-04-30 14:25:56,141 [Worker-3: Building] INFO  o.a.m.s.f.DefaultMavenResourcesFiltering - skip non existing resourceDirectory D:\Spring\workspace\Chapter06\src\test\resources
2024-04-30 14:25:56,141 [Worker-3: Building] INFO  o.e.m.w.i.f.ResourceFilteringBuildParticipant - Changed resources require a complete clean of filtered resources of Chapter06
2024-04-30 14:25:56,142 [Worker-3: Building] INFO  o.e.m.w.i.f.ResourceFilteringBuildParticipant - Executing resource filtering for Chapter06
2024-04-30 14:25:56,235 [Worker-9: Updating Maven Dependencies] INFO  o.e.m.c.i.l.LifecycleMappingFactory - Using org.eclipse.m2e.jdt.JarLifecycleMapping lifecycle mapping for MavenProject: Spring3:Chapter05_ANNO:0.0.1-SNAPSHOT @ D:\Spring\workspace\Chapter05_ANNO\pom.xml.
2024-04-30 14:25:56,461 [Worker-9: Updating Maven Dependencies] INFO  o.e.m.c.i.l.LifecycleMappingFactory - Using org.eclipse.m2e.jdt.JarLifecycleMapping lifecycle mapping for MavenProject: Spring3:Chapter01.XML:0.0.1-SNAPSHOT @ D:\Spring\workspace\Chapter01.XML\pom.xml.
2024-04-30 14:25:56,497 [Worker-9: Updating Maven Dependencies] INFO  o.e.m.c.i.l.LifecycleMappingFactory - Using org.maven.ide.eclipse.wtp.WarLifecycleMapping lifecycle mapping for MavenProject: com.spring:SpringNCPMaven:1.0.0-BUILD-SNAPSHOT @ D:\Spring\workspace\SpringNCPMaven\pom.xml.
2024-04-30 14:25:56,689 [Worker-3: Building] INFO  o.e.m.c.i.l.LifecycleMappingFactory - Using org.maven.ide.eclipse.wtp.WarLifecycleMapping lifecycle mapping for MavenProject: Chapter06_1:Chapter06_1:0.0.1-SNAPSHOT @ D:\Spring\workspace\Chapter06_1\pom.xml.
2024-04-30 14:25:57,093 [Worker-3: Building] INFO  o.e.m.c.i.l.LifecycleMappingFactory - Using org.maven.ide.eclipse.wtp.WarLifecycleMapping lifecycle mapping for MavenProject: Chapter06_Web:Chapter06_Web:0.0.1-SNAPSHOT @ D:\Spring\workspace\Chapter06_Web\pom.xml.
2024-04-30 14:25:57,490 [Worker-14: Updating Maven Project] INFO  o.e.m.c.i.p.ProjectConfigurationManager - Update started
2024-04-30 14:25:57,854 [Worker-14: Updating Maven Project] INFO  o.e.m.c.i.l.LifecycleMappingFactory - Using org.maven.ide.eclipse.wtp.WarLifecycleMapping lifecycle mapping for MavenProject: Chapter06_1:Chapter06_1:0.0.1-SNAPSHOT @ D:\Spring\workspace\Chapter06_1\pom.xml.
2024-04-30 14:25:57,913 [Worker-14: Updating Maven Project] INFO  o.e.m.c.i.l.LifecycleMappingFactory - Using org.maven.ide.eclipse.wtp.WarLifecycleMapping lifecycle mapping for MavenProject: Chapter06_Web:Chapter06_Web:0.0.1-SNAPSHOT @ D:\Spring\workspace\Chapter06_Web\pom.xml.
2024-04-30 14:25:58,592 [Worker-14: Updating Maven Project] INFO  o.e.m.j.i.AbstractJavaProjectConfigurator - Adding source folder /Chapter06_1/src/main/java
2024-04-30 14:25:58,592 [Worker-14: Updating Maven Project] INFO  o.e.m.j.i.AbstractJavaProjectConfigurator - Adding resource folder /Chapter06_1/src/main/resources
2024-04-30 14:25:58,593 [Worker-14: Updating Maven Project] INFO  o.e.m.j.i.AbstractJavaProjectConfigurator - Adding source folder /Chapter06_1/src/test/java
2024-04-30 14:25:58,593 [Worker-14: Updating Maven Project] INFO  o.e.m.j.i.AbstractJavaProjectConfigurator - Adding resource folder /Chapter06_1/src/test/resources
2024-04-30 14:25:58,964 [Worker-14: Updating Maven Project] INFO  o.e.m.j.i.AbstractJavaProjectConfigurator - Adding source folder /Chapter06_Web/src/main/java
2024-04-30 14:25:58,964 [Worker-14: Updating Maven Project] INFO  o.e.m.j.i.AbstractJavaProjectConfigurator - Adding resource folder /Chapter06_Web/src/main/resources
2024-04-30 14:25:58,965 [Worker-14: Updating Maven Project] INFO  o.e.m.j.i.AbstractJavaProjectConfigurator - Adding source folder /Chapter06_Web/src/test/java
2024-04-30 14:25:58,965 [Worker-14: Updating Maven Project] INFO  o.e.m.j.i.AbstractJavaProjectConfigurator - Adding resource folder /Chapter06_Web/src/test/resources
2024-04-30 14:25:59,526 [Worker-6: Updating Maven Dependencies] INFO  o.e.m.c.i.l.LifecycleMappingFactory - Using org.maven.ide.eclipse.wtp.WarLifecycleMapping lifecycle mapping for MavenProject: com.spring:NCPTestMaven:1.0.0-BUILD-SNAPSHOT @ D:\Spring\workspace\NCPTestMaven\pom.xml.
2024-04-30 14:25:59,613 [Worker-6: Updating Maven Dependencies] INFO  o.e.m.c.i.l.LifecycleMappingFactory - Using org.maven.ide.eclipse.wtp.WarLifecycleMapping lifecycle mapping for MavenProject: Chapter06_Web:Chapter06_Web:0.0.1-SNAPSHOT @ D:\Spring\workspace\Chapter06_Web\pom.xml.
2024-04-30 14:25:59,798 [Worker-6: Updating Maven Dependencies] INFO  o.e.m.c.i.l.LifecycleMappingFactory - Using org.eclipse.m2e.jdt.JarLifecycleMapping lifecycle mapping for MavenProject: Spring3:Chapter02_XML:0.0.1-SNAPSHOT @ D:\Spring\workspace\Chapter02_XML\pom.xml.
2024-04-30 14:25:59,892 [Worker-14: Updating Maven Project] INFO  o.e.m.w.i.f.ResourceFilteringBuildParticipant - Cleaning filtered folder for Chapter06_1
2024-04-30 14:25:59,910 [Worker-14: Updating Maven Project] INFO  o.e.m.w.i.f.ResourceFilteringBuildParticipant - Cleaning filtered folder for Chapter06_Web
2024-04-30 14:25:59,912 [Worker-14: Updating Maven Project] INFO  o.e.m.c.i.p.ProjectConfigurationManager - Update completed for 2 poms: local refresh takes 0.00 sec, refresh facades takes 1.00 sec, update config takes 1.00 sec 
2024-04-30 14:26:00,144 [Worker-11: Building Project Chapter06_1] WARN  o.a.m.s.f.DefaultMavenResourcesFiltering - Using platform encoding (MS949 actually) to copy filtered resources, i.e. build is platform dependent!
2024-04-30 14:26:00,145 [Worker-11: Building Project Chapter06_1] INFO  o.a.m.s.f.DefaultMavenResourcesFiltering - skip non existing resourceDirectory D:\Spring\workspace\Chapter06_1\src\main\resources
2024-04-30 14:26:00,149 [Worker-11: Building Project Chapter06_1] WARN  o.a.m.s.f.DefaultMavenResourcesFiltering - Using platform encoding (MS949 actually) to copy filtered resources, i.e. build is platform dependent!
2024-04-30 14:26:00,150 [Worker-11: Building Project Chapter06_1] INFO  o.a.m.s.f.DefaultMavenResourcesFiltering - skip non existing resourceDirectory D:\Spring\workspace\Chapter06_1\src\test\resources
2024-04-30 14:26:00,150 [Worker-11: Building Project Chapter06_1] INFO  o.e.m.w.i.f.ResourceFilteringBuildParticipant - Changed resources require a complete clean of filtered resources of Chapter06_1
2024-04-30 14:26:00,151 [Worker-11: Building Project Chapter06_1] INFO  o.e.m.w.i.f.ResourceFilteringBuildParticipant - Executing resource filtering for Chapter06_1
2024-04-30 14:26:00,208 [Worker-6: Updating Maven Dependencies] INFO  o.e.m.c.i.l.LifecycleMappingFactory - Using org.maven.ide.eclipse.wtp.WarLifecycleMapping lifecycle mapping for MavenProject: Chapter06_1:Chapter06_1:0.0.1-SNAPSHOT @ D:\Spring\workspace\Chapter06_1\pom.xml.
2024-04-30 14:26:00,250 [Worker-6: Updating Maven Dependencies] INFO  o.e.m.c.i.l.LifecycleMappingFactory - Using org.eclipse.m2e.jdt.JarLifecycleMapping lifecycle mapping for MavenProject: Speing3:Chapter05_XML:0.0.1-SNAPSHOT @ D:\Spring\workspace\Chapter05_XML\pom.xml.
2024-04-30 14:26:00,320 [Worker-6: Updating Maven Dependencies] INFO  o.e.m.c.i.l.LifecycleMappingFactory - Using org.eclipse.m2e.jdt.JarLifecycleMapping lifecycle mapping for MavenProject: Spring3:Chapter04_XML:0.0.1-SNAPSHOT @ D:\Spring\workspace\Chapter04_XML\pom.xml.
2024-04-30 14:26:00,384 [Worker-6: Updating Maven Dependencies] INFO  o.e.m.c.i.l.LifecycleMappingFactory - Using org.eclipse.m2e.jdt.JarLifecycleMapping lifecycle mapping for MavenProject: Spring3:Chapter05_ANNO:0.0.1-SNAPSHOT @ D:\Spring\workspace\Chapter05_ANNO\pom.xml.
2024-04-30 14:26:00,671 [Worker-6: Updating Maven Dependencies] INFO  o.e.m.c.i.l.LifecycleMappingFactory - Using org.eclipse.m2e.jdt.JarLifecycleMapping lifecycle mapping for MavenProject: Spring3:Chapter01.XML:0.0.1-SNAPSHOT @ D:\Spring\workspace\Chapter01.XML\pom.xml.
2024-04-30 14:26:00,734 [Worker-6: Updating Maven Dependencies] INFO  o.e.m.c.i.l.LifecycleMappingFactory - Using org.maven.ide.eclipse.wtp.WarLifecycleMapping lifecycle mapping for MavenProject: com.spring:SpringNCPMaven:1.0.0-BUILD-SNAPSHOT @ D:\Spring\workspace\SpringNCPMaven\pom.xml.
2024-04-30 14:26:00,927 [Worker-11: Building Project Chapter06_1] WARN  o.a.m.s.f.DefaultMavenResourcesFiltering - Using platform encoding (MS949 actually) to copy filtered resources, i.e. build is platform dependent!
2024-04-30 14:26:00,943 [Worker-11: Building Project Chapter06_1] INFO  o.a.m.s.f.DefaultMavenResourcesFiltering - Copying 4 resources from src\main\resources to target\classes
2024-04-30 14:26:00,959 [Worker-11: Building Project Chapter06_1] WARN  o.a.m.s.f.DefaultMavenResourcesFiltering - Using platform encoding (MS949 actually) to copy filtered resources, i.e. build is platform dependent!
2024-04-30 14:26:00,960 [Worker-11: Building Project Chapter06_1] INFO  o.a.m.s.f.DefaultMavenResourcesFiltering - skip non existing resourceDirectory D:\Spring\workspace\Chapter06_Web\src\test\resources
2024-04-30 14:26:00,961 [Worker-11: Building Project Chapter06_1] INFO  o.e.m.w.i.f.ResourceFilteringBuildParticipant - Changed resources require a complete clean of filtered resources of Chapter06_Web
2024-04-30 14:26:00,961 [Worker-11: Building Project Chapter06_1] INFO  o.e.m.w.i.f.ResourceFilteringBuildParticipant - Executing resource filtering for Chapter06_Web
2024-04-30 14:26:01,016 [Worker-6: Updating Maven Dependencies] INFO  o.e.m.c.i.l.LifecycleMappingFactory - Using org.eclipse.m2e.jdt.JarLifecycleMapping lifecycle mapping for MavenProject: Spring3:Chapter03_XML:0.0.1-SNAPSHOT @ D:\Spring\workspace\Chapter03_XML\pom.xml.
2024-04-30 14:26:01,189 [Worker-6: Updating Maven Dependencies] INFO  o.e.m.c.i.l.LifecycleMappingFactory - Using org.maven.ide.eclipse.wtp.WarLifecycleMapping lifecycle mapping for MavenProject: Chapter06:Chapter06:0.0.1-SNAPSHOT @ D:\Spring\workspace\Chapter06\pom.xml.
2024-04-30 14:26:01,245 [Worker-11: Building Project Chapter06_1] INFO  o.e.m.c.i.l.LifecycleMappingFactory - Using org.maven.ide.eclipse.wtp.WarLifecycleMapping lifecycle mapping for MavenProject: com.spring:NCPTestMaven:1.0.0-BUILD-SNAPSHOT @ D:\Spring\workspace\NCPTestMaven\pom.xml.
2024-04-30 14:26:02,601 [Worker-11: Building Project Chapter06_1] INFO  o.e.m.c.i.l.LifecycleMappingFactory - Using org.maven.ide.eclipse.wtp.WarLifecycleMapping lifecycle mapping for MavenProject: com.spring:SpringNCPMaven:1.0.0-BUILD-SNAPSHOT @ D:\Spring\workspace\SpringNCPMaven\pom.xml.
2024-04-30 14:26:03,076 [Worker-17: Building Project Chapter06_Web] WARN  o.a.m.s.f.DefaultMavenResourcesFiltering - Using platform encoding (MS949 actually) to copy filtered resources, i.e. build is platform dependent!
2024-04-30 14:26:03,077 [Worker-17: Building Project Chapter06_Web] INFO  o.a.m.s.f.DefaultMavenResourcesFiltering - Copying 4 resources from src\main\resources to target\classes
2024-04-30 14:26:03,080 [Worker-17: Building Project Chapter06_Web] WARN  o.a.m.s.f.DefaultMavenResourcesFiltering - Using platform encoding (MS949 actually) to copy filtered resources, i.e. build is platform dependent!
2024-04-30 14:26:03,081 [Worker-17: Building Project Chapter06_Web] INFO  o.a.m.s.f.DefaultMavenResourcesFiltering - skip non existing resourceDirectory D:\Spring\workspace\Chapter06_Web\src\test\resources
2024-04-30 14:26:03,131 [Worker-7: Updating Maven Project] INFO  o.e.m.c.i.p.ProjectConfigurationManager - Update started
2024-04-30 14:26:03,259 [Worker-7: Updating Maven Project] INFO  o.e.m.c.i.l.LifecycleMappingFactory - Using org.maven.ide.eclipse.wtp.WarLifecycleMapping lifecycle mapping for MavenProject: com.spring:NCPTestMaven:1.0.0-BUILD-SNAPSHOT @ D:\Spring\workspace\NCPTestMaven\pom.xml.
2024-04-30 14:26:03,393 [Worker-7: Updating Maven Project] INFO  o.e.m.c.i.l.LifecycleMappingFactory - Using org.maven.ide.eclipse.wtp.WarLifecycleMapping lifecycle mapping for MavenProject: com.spring:SpringNCPMaven:1.0.0-BUILD-SNAPSHOT @ D:\Spring\workspace\SpringNCPMaven\pom.xml.
2024-04-30 14:26:04,149 [Worker-7: Updating Maven Project] INFO  o.e.m.j.i.AbstractJavaProjectConfigurator - Adding source folder /NCPTestMaven/src/main/java
2024-04-30 14:26:04,149 [Worker-7: Updating Maven Project] INFO  o.e.m.j.i.AbstractJavaProjectConfigurator - Adding resource folder /NCPTestMaven/src/main/resources
2024-04-30 14:26:04,150 [Worker-7: Updating Maven Project] INFO  o.e.m.j.i.AbstractJavaProjectConfigurator - Adding source folder /NCPTestMaven/src/test/java
2024-04-30 14:26:04,150 [Worker-7: Updating Maven Project] INFO  o.e.m.j.i.AbstractJavaProjectConfigurator - Adding resource folder /NCPTestMaven/src/test/resources
2024-04-30 14:26:04,441 [Worker-11: Updating Maven Dependencies] INFO  o.e.m.c.i.l.LifecycleMappingFactory - Using org.maven.ide.eclipse.wtp.WarLifecycleMapping lifecycle mapping for MavenProject: com.spring:NCPTestMaven:1.0.0-BUILD-SNAPSHOT @ D:\Spring\workspace\NCPTestMaven\pom.xml.
2024-04-30 14:26:04,483 [Worker-7: Updating Maven Project] INFO  o.e.m.j.i.AbstractJavaProjectConfigurator - Adding source folder /SpringNCPMaven/src/main/java
2024-04-30 14:26:04,484 [Worker-7: Updating Maven Project] INFO  o.e.m.j.i.AbstractJavaProjectConfigurator - Adding resource folder /SpringNCPMaven/src/main/resources
2024-04-30 14:26:04,484 [Worker-7: Updating Maven Project] INFO  o.e.m.j.i.AbstractJavaProjectConfigurator - Adding source folder /SpringNCPMaven/src/test/java
2024-04-30 14:26:04,484 [Worker-7: Updating Maven Project] INFO  o.e.m.j.i.AbstractJavaProjectConfigurator - Adding resource folder /SpringNCPMaven/src/test/resources
2024-04-30 14:26:04,541 [Worker-11: Updating Maven Dependencies] INFO  o.e.m.c.i.l.LifecycleMappingFactory - Using org.maven.ide.eclipse.wtp.WarLifecycleMapping lifecycle mapping for MavenProject: Chapter06_Web:Chapter06_Web:0.0.1-SNAPSHOT @ D:\Spring\workspace\Chapter06_Web\pom.xml.
2024-04-30 14:26:04,784 [Worker-11: Updating Maven Dependencies] INFO  o.e.m.c.i.l.LifecycleMappingFactory - Using org.eclipse.m2e.jdt.JarLifecycleMapping lifecycle mapping for MavenProject: Spring3:Chapter02_XML:0.0.1-SNAPSHOT @ D:\Spring\workspace\Chapter02_XML\pom.xml.
2024-04-30 14:26:05,359 [Worker-7: Updating Maven Project] INFO  o.e.m.w.i.f.ResourceFilteringBuildParticipant - Cleaning filtered folder for NCPTestMaven
2024-04-30 14:26:05,381 [Worker-7: Updating Maven Project] INFO  o.e.m.w.i.f.ResourceFilteringBuildParticipant - Cleaning filtered folder for SpringNCPMaven
2024-04-30 14:26:05,384 [Worker-7: Updating Maven Project] INFO  o.e.m.c.i.p.ProjectConfigurationManager - Update completed for 2 poms: local refresh takes 0.00 sec, refresh facades takes 0.00 sec, update config takes 1.00 sec 
2024-04-30 14:26:05,388 [Worker-11: Updating Maven Dependencies] INFO  o.e.m.c.i.l.LifecycleMappingFactory - Using org.maven.ide.eclipse.wtp.WarLifecycleMapping lifecycle mapping for MavenProject: Chapter06_1:Chapter06_1:0.0.1-SNAPSHOT @ D:\Spring\workspace\Chapter06_1\pom.xml.
2024-04-30 14:26:05,441 [Worker-11: Updating Maven Dependencies] INFO  o.e.m.c.i.l.LifecycleMappingFactory - Using org.eclipse.m2e.jdt.JarLifecycleMapping lifecycle mapping for MavenProject: Speing3:Chapter05_XML:0.0.1-SNAPSHOT @ D:\Spring\workspace\Chapter05_XML\pom.xml.
2024-04-30 14:26:05,475 [Worker-19: Building Project NCPTestMaven] WARN  o.a.m.s.f.DefaultMavenResourcesFiltering - Using platform encoding (MS949 actually) to copy filtered resources, i.e. build is platform dependent!
2024-04-30 14:26:05,476 [Worker-19: Building Project NCPTestMaven] INFO  o.a.m.s.f.DefaultMavenResourcesFiltering - Copying 1 resource from src\main\resources to target\classes
2024-04-30 14:26:05,501 [Worker-19: Building Project NCPTestMaven] WARN  o.a.m.s.f.DefaultMavenResourcesFiltering - Using platform encoding (MS949 actually) to copy filtered resources, i.e. build is platform dependent!
2024-04-30 14:26:05,503 [Worker-19: Building Project NCPTestMaven] INFO  o.a.m.s.f.DefaultMavenResourcesFiltering - Copying 1 resource from src\test\resources to target\test-classes
2024-04-30 14:26:05,506 [Worker-19: Building Project NCPTestMaven] INFO  o.e.m.w.i.f.ResourceFilteringBuildParticipant - Changed resources require a complete clean of filtered resources of NCPTestMaven
2024-04-30 14:26:05,506 [Worker-19: Building Project NCPTestMaven] INFO  o.e.m.w.i.f.ResourceFilteringBuildParticipant - Executing resource filtering for NCPTestMaven
2024-04-30 14:26:05,541 [Worker-11: Updating Maven Dependencies] INFO  o.e.m.c.i.l.LifecycleMappingFactory - Using org.eclipse.m2e.jdt.JarLifecycleMapping lifecycle mapping for MavenProject: Spring3:Chapter04_XML:0.0.1-SNAPSHOT @ D:\Spring\workspace\Chapter04_XML\pom.xml.
2024-04-30 14:26:05,619 [Worker-11: Updating Maven Dependencies] INFO  o.e.m.c.i.l.LifecycleMappingFactory - Using org.eclipse.m2e.jdt.JarLifecycleMapping lifecycle mapping for MavenProject: Spring3:Chapter05_ANNO:0.0.1-SNAPSHOT @ D:\Spring\workspace\Chapter05_ANNO\pom.xml.
2024-04-30 14:26:05,909 [Worker-11: Updating Maven Dependencies] INFO  o.e.m.c.i.l.LifecycleMappingFactory - Using org.eclipse.m2e.jdt.JarLifecycleMapping lifecycle mapping for MavenProject: Spring3:Chapter01.XML:0.0.1-SNAPSHOT @ D:\Spring\workspace\Chapter01.XML\pom.xml.
2024-04-30 14:26:05,958 [Worker-11: Updating Maven Dependencies] INFO  o.e.m.c.i.l.LifecycleMappingFactory - Using org.maven.ide.eclipse.wtp.WarLifecycleMapping lifecycle mapping for MavenProject: com.spring:SpringNCPMaven:1.0.0-BUILD-SNAPSHOT @ D:\Spring\workspace\SpringNCPMaven\pom.xml.
2024-04-30 14:26:06,173 [Worker-11: Updating Maven Dependencies] INFO  o.e.m.c.i.l.LifecycleMappingFactory - Using org.eclipse.m2e.jdt.JarLifecycleMapping lifecycle mapping for MavenProject: Spring3:Chapter03_XML:0.0.1-SNAPSHOT @ D:\Spring\workspace\Chapter03_XML\pom.xml.
2024-04-30 14:26:06,223 [Worker-19: Building Project NCPTestMaven] WARN  o.a.m.s.f.DefaultMavenResourcesFiltering - Using platform encoding (MS949 actually) to copy filtered resources, i.e. build is platform dependent!
2024-04-30 14:26:06,225 [Worker-19: Building Project NCPTestMaven] INFO  o.a.m.s.f.DefaultMavenResourcesFiltering - Copying 6 resources from src\main\resources to target\classes
2024-04-30 14:26:06,265 [Worker-19: Building Project NCPTestMaven] WARN  o.a.m.s.f.DefaultMavenResourcesFiltering - Using platform encoding (MS949 actually) to copy filtered resources, i.e. build is platform dependent!
2024-04-30 14:26:06,266 [Worker-19: Building Project NCPTestMaven] INFO  o.a.m.s.f.DefaultMavenResourcesFiltering - Copying 1 resource from src\test\resources to target\test-classes
2024-04-30 14:26:06,275 [Worker-19: Building Project NCPTestMaven] INFO  o.e.m.w.i.f.ResourceFilteringBuildParticipant - Changed resources require a complete clean of filtered resources of SpringNCPMaven
2024-04-30 14:26:06,276 [Worker-19: Building Project NCPTestMaven] INFO  o.e.m.w.i.f.ResourceFilteringBuildParticipant - Executing resource filtering for SpringNCPMaven
2024-04-30 14:26:06,554 [Worker-4: Building Project SpringNCPMaven] WARN  o.a.m.s.f.DefaultMavenResourcesFiltering - Using platform encoding (MS949 actually) to copy filtered resources, i.e. build is platform dependent!
2024-04-30 14:26:06,557 [Worker-4: Building Project SpringNCPMaven] INFO  o.a.m.s.f.DefaultMavenResourcesFiltering - Copying 6 resources from src\main\resources to target\classes
2024-04-30 14:26:06,562 [Worker-4: Building Project SpringNCPMaven] WARN  o.a.m.s.f.DefaultMavenResourcesFiltering - Using platform encoding (MS949 actually) to copy filtered resources, i.e. build is platform dependent!
2024-04-30 14:26:06,563 [Worker-4: Building Project SpringNCPMaven] INFO  o.a.m.s.f.DefaultMavenResourcesFiltering - Copying 1 resource from src\test\resources to target\test-classes
2024-04-30 14:26:06,690 [Worker-11: Updating Maven Dependencies] INFO  o.e.m.c.i.l.LifecycleMappingFactory - Using org.maven.ide.eclipse.wtp.WarLifecycleMapping lifecycle mapping for MavenProject: Chapter06:Chapter06:0.0.1-SNAPSHOT @ D:\Spring\workspace\Chapter06\pom.xml.
2024-04-30 14:26:06,850 [Worker-11: Updating Maven Dependencies] INFO  o.e.m.c.i.l.LifecycleMappingFactory - Using org.eclipse.m2e.jdt.JarLifecycleMapping lifecycle mapping for MavenProject: Spring3:Chapter04_ANNO:0.0.1-SNAPSHOT @ D:\Spring\workspace\Chapter04_ANNO\pom.xml.
2024-04-30 14:26:06,900 [Worker-11: Updating Maven Dependencies] INFO  o.e.m.c.i.l.LifecycleMappingFactory - Using org.eclipse.m2e.jdt.JarLifecycleMapping lifecycle mapping for MavenProject: Spring3:Chapter01_ANNO:0.0.1-SNAPSHOT @ D:\Spring\workspace\Chapter01_ANNO\pom.xml.
2024-04-30 14:26:06,954 [Worker-11: Updating Maven Dependencies] INFO  o.e.m.c.i.l.LifecycleMappingFactory - Using org.eclipse.m2e.jdt.JarLifecycleMapping lifecycle mapping for MavenProject: Spring3:Chapter03_ANNO:0.0.1-SNAPSHOT @ D:\Spring\workspace\Chapter03_ANNO\pom.xml.
2024-04-30 14:26:07,000 [Worker-11: Updating Maven Dependencies] INFO  o.e.m.c.i.l.LifecycleMappingFactory - Using org.eclipse.m2e.jdt.JarLifecycleMapping lifecycle mapping for MavenProject: Spring3:Chapter02_ANNO:0.0.1-SNAPSHOT @ D:\Spring\workspace\Chapter02_ANNO\pom.xml.
